2021-07-14 17:06:52,682 [INFO] Activator:170 - 


2021-07-14 17:06:52,682 [INFO] Activator:171 - !SESSION log4j initialized
2021-07-14 17:07:04,773 [INFO] McuFinderGlobals:39 - Set McuFinder mode to 2 (CubeIDE integrated)
2021-07-14 17:07:04,867 [INFO] ApplicationProperties:181 - Using Application install path: D:\St\STM32CubeIDE_1.5.1\STM32CubeIDE\plugins\com.st.stm32cube.common.mx_6.2.1.202103241236
2021-07-14 17:07:04,882 [INFO] DbMcusXml:74 - Set database path to: D:\St\STM32CubeIDE_1.5.1\STM32CubeIDE\plugins\com.st.stm32cube.common.mx_6.2.1.202103241236\\db\/mcu/
2021-07-14 17:07:04,882 [INFO] DbBoardsPdsc:56 - Set plugin database path to: D:\St\STM32CubeIDE_1.5.1\STM32CubeIDE\plugins\com.st.stm32cube.common.mx_6.2.1.202103241236\\db\/plugins/boardmanager/
2021-07-14 17:07:04,882 [INFO] DbMcus:258 - Set plugin images path to: D:\St\STM32CubeIDE_1.5.1\STM32CubeIDE\plugins\com.st.stm32cube.common.mx_6.2.1.202103241236\\db\/plugins/mcufinder/images/
2021-07-14 17:07:04,882 [INFO] DbBoards:264 - Set plugin images path to: D:\St\STM32CubeIDE_1.5.1\STM32CubeIDE\plugins\com.st.stm32cube.common.mx_6.2.1.202103241236\\db\/plugins/mcufinder/images/
2021-07-14 17:07:04,882 [INFO] DbExamples:333 - Set plugin images path to: D:\St\STM32CubeIDE_1.5.1\STM32CubeIDE\plugins\com.st.stm32cube.common.mx_6.2.1.202103241236\\db\/plugins/mcufinder/images/
2021-07-14 17:07:04,898 [INFO] DbMcusAds:85 - Set database path to: C:\Users\enes_\.stmcufinder\plugins\mcufinder//mcu/
2021-07-14 17:07:04,898 [INFO] DbMcusDocs:110 - Set database path to: C:\Users\enes_\.stmcufinder\plugins\mcufinder//mcu/
2021-07-14 17:07:04,898 [INFO] DbMcusJson:65 - Set database path to: C:\Users\enes_\.stmcufinder\plugins\mcufinder//mcu/
2021-07-14 17:07:04,898 [INFO] DbBoardsDocs:110 - Set database path to: C:\Users\enes_\.stmcufinder\plugins\mcufinder//mcu/
2021-07-14 17:07:04,898 [INFO] DbBoardsJson:58 - Set database path to: C:\Users\enes_\.stmcufinder\plugins\mcufinder//mcu/
2021-07-14 17:07:04,898 [INFO] CrossReferenceDbSqlite:196 - Set database path to: C:\Users\enes_\.stmcufinder\plugins\mcufinder//mcu/cs/
2021-07-14 17:07:04,898 [INFO] DbExamplesSqlite:690 - Set database path to: C:\Users\enes_\.stmcufinder\plugins\mcufinder//mcu/
2021-07-14 17:07:04,991 [INFO] RulesReader:52 - Compatibility file has been processed (237 Rules)
2021-07-14 17:07:05,429 [INFO] MicroXplorer:622 - Detected Java Version = 11.0.9.1
2021-07-14 17:07:05,429 [INFO] DbMcusXml:74 - Set database path to: D:\St\STM32CubeIDE_1.5.1\STM32CubeIDE\plugins\com.st.stm32cube.common.mx_6.2.1.202103241236\\db\/mcu/
2021-07-14 17:07:05,429 [INFO] DbBoardsPdsc:56 - Set plugin database path to: D:\St\STM32CubeIDE_1.5.1\STM32CubeIDE\plugins\com.st.stm32cube.common.mx_6.2.1.202103241236\\db\/plugins/boardmanager/
2021-07-14 17:07:05,429 [INFO] DbMcus:258 - Set plugin images path to: D:\St\STM32CubeIDE_1.5.1\STM32CubeIDE\plugins\com.st.stm32cube.common.mx_6.2.1.202103241236\\db\/plugins/mcufinder/images/
2021-07-14 17:07:05,429 [INFO] DbBoards:264 - Set plugin images path to: D:\St\STM32CubeIDE_1.5.1\STM32CubeIDE\plugins\com.st.stm32cube.common.mx_6.2.1.202103241236\\db\/plugins/mcufinder/images/
2021-07-14 17:07:05,429 [INFO] DbExamples:333 - Set plugin images path to: D:\St\STM32CubeIDE_1.5.1\STM32CubeIDE\plugins\com.st.stm32cube.common.mx_6.2.1.202103241236\\db\/plugins/mcufinder/images/
2021-07-14 17:07:05,429 [WARN] DbFile:35 - Overriding database path with different value: C:\Users\enes_\.stmcufinder\plugins\mcufinder/ => C:\Users\enes_\.stmcufinder\plugins\mcufinder
2021-07-14 17:07:05,429 [INFO] DbMcusAds:85 - Set database path to: C:\Users\enes_\.stmcufinder\plugins\mcufinder//mcu/
2021-07-14 17:07:05,429 [WARN] DbFile:35 - Overriding database path with different value: C:\Users\enes_\.stmcufinder\plugins\mcufinder/ => C:\Users\enes_\.stmcufinder\plugins\mcufinder
2021-07-14 17:07:05,429 [INFO] DbMcusDocs:110 - Set database path to: C:\Users\enes_\.stmcufinder\plugins\mcufinder//mcu/
2021-07-14 17:07:05,429 [WARN] DbFile:35 - Overriding database path with different value: C:\Users\enes_\.stmcufinder\plugins\mcufinder/ => C:\Users\enes_\.stmcufinder\plugins\mcufinder
2021-07-14 17:07:05,429 [INFO] DbMcusJson:65 - Set database path to: C:\Users\enes_\.stmcufinder\plugins\mcufinder//mcu/
2021-07-14 17:07:05,429 [WARN] DbFile:35 - Overriding database path with different value: C:\Users\enes_\.stmcufinder\plugins\mcufinder/ => C:\Users\enes_\.stmcufinder\plugins\mcufinder
2021-07-14 17:07:05,429 [INFO] DbBoardsDocs:110 - Set database path to: C:\Users\enes_\.stmcufinder\plugins\mcufinder//mcu/
2021-07-14 17:07:05,429 [WARN] DbFile:35 - Overriding database path with different value: C:\Users\enes_\.stmcufinder\plugins\mcufinder/ => C:\Users\enes_\.stmcufinder\plugins\mcufinder
2021-07-14 17:07:05,429 [INFO] DbBoardsJson:58 - Set database path to: C:\Users\enes_\.stmcufinder\plugins\mcufinder//mcu/
2021-07-14 17:07:05,429 [WARN] DbFile:35 - Overriding database path with different value: C:\Users\enes_\.stmcufinder\plugins\mcufinder/ => C:\Users\enes_\.stmcufinder\plugins\mcufinder
2021-07-14 17:07:05,429 [WARN] DbFile:35 - Overriding database path with different value: C:\Users\enes_\.stmcufinder\plugins\mcufinder/ => C:\Users\enes_\.stmcufinder\plugins\mcufinder
2021-07-14 17:07:05,429 [INFO] CrossReferenceDbSqlite:196 - Set database path to: C:\Users\enes_\.stmcufinder\plugins\mcufinder//mcu/cs/
2021-07-14 17:07:05,429 [WARN] DbFile:35 - Overriding database path with different value: C:\Users\enes_\.stmcufinder\plugins\mcufinder/ => C:\Users\enes_\.stmcufinder\plugins\mcufinder
2021-07-14 17:07:05,429 [INFO] DbExamplesSqlite:690 - Set database path to: C:\Users\enes_\.stmcufinder\plugins\mcufinder//mcu/
2021-07-14 17:07:05,819 [INFO] MainPanel:204 - HeapMemory: 268435456
2021-07-14 17:07:05,866 [INFO] DbMcusXml:74 - Set database path to: D:\St\STM32CubeIDE_1.5.1\STM32CubeIDE\plugins\com.st.stm32cube.common.mx_6.2.1.202103241236\\db\/mcu/
2021-07-14 17:07:05,866 [INFO] DbBoardsPdsc:56 - Set plugin database path to: D:\St\STM32CubeIDE_1.5.1\STM32CubeIDE\plugins\com.st.stm32cube.common.mx_6.2.1.202103241236\\db\/plugins/boardmanager/
2021-07-14 17:07:05,866 [INFO] DbMcus:258 - Set plugin images path to: D:\St\STM32CubeIDE_1.5.1\STM32CubeIDE\plugins\com.st.stm32cube.common.mx_6.2.1.202103241236\\db\/plugins/mcufinder/images/
2021-07-14 17:07:05,866 [INFO] DbBoards:264 - Set plugin images path to: D:\St\STM32CubeIDE_1.5.1\STM32CubeIDE\plugins\com.st.stm32cube.common.mx_6.2.1.202103241236\\db\/plugins/mcufinder/images/
2021-07-14 17:07:05,866 [INFO] DbExamples:333 - Set plugin images path to: D:\St\STM32CubeIDE_1.5.1\STM32CubeIDE\plugins\com.st.stm32cube.common.mx_6.2.1.202103241236\\db\/plugins/mcufinder/images/
2021-07-14 17:07:05,866 [WARN] DbFile:35 - Overriding database path with different value: C:\Users\enes_\.stmcufinder\plugins\mcufinder/ => C:\Users\enes_\.stmcufinder\plugins\mcufinder
2021-07-14 17:07:05,866 [INFO] DbMcusAds:85 - Set database path to: C:\Users\enes_\.stmcufinder\plugins\mcufinder//mcu/
2021-07-14 17:07:05,882 [WARN] DbFile:35 - Overriding database path with different value: C:\Users\enes_\.stmcufinder\plugins\mcufinder/ => C:\Users\enes_\.stmcufinder\plugins\mcufinder
2021-07-14 17:07:05,882 [INFO] DbMcusDocs:110 - Set database path to: C:\Users\enes_\.stmcufinder\plugins\mcufinder//mcu/
2021-07-14 17:07:05,882 [WARN] DbFile:35 - Overriding database path with different value: C:\Users\enes_\.stmcufinder\plugins\mcufinder/ => C:\Users\enes_\.stmcufinder\plugins\mcufinder
2021-07-14 17:07:05,882 [INFO] DbMcusJson:65 - Set database path to: C:\Users\enes_\.stmcufinder\plugins\mcufinder//mcu/
2021-07-14 17:07:05,882 [WARN] DbFile:35 - Overriding database path with different value: C:\Users\enes_\.stmcufinder\plugins\mcufinder/ => C:\Users\enes_\.stmcufinder\plugins\mcufinder
2021-07-14 17:07:05,882 [INFO] DbBoardsDocs:110 - Set database path to: C:\Users\enes_\.stmcufinder\plugins\mcufinder//mcu/
2021-07-14 17:07:05,882 [WARN] DbFile:35 - Overriding database path with different value: C:\Users\enes_\.stmcufinder\plugins\mcufinder/ => C:\Users\enes_\.stmcufinder\plugins\mcufinder
2021-07-14 17:07:05,882 [INFO] DbBoardsJson:58 - Set database path to: C:\Users\enes_\.stmcufinder\plugins\mcufinder//mcu/
2021-07-14 17:07:05,882 [WARN] DbFile:35 - Overriding database path with different value: C:\Users\enes_\.stmcufinder\plugins\mcufinder/ => C:\Users\enes_\.stmcufinder\plugins\mcufinder
2021-07-14 17:07:05,882 [WARN] DbFile:35 - Overriding database path with different value: C:\Users\enes_\.stmcufinder\plugins\mcufinder/ => C:\Users\enes_\.stmcufinder\plugins\mcufinder
2021-07-14 17:07:05,945 [INFO] CrossReferenceDbSqlite:196 - Set database path to: C:\Users\enes_\.stmcufinder\plugins\mcufinder//mcu/cs/
2021-07-14 17:07:05,945 [WARN] DbFile:35 - Overriding database path with different value: C:\Users\enes_\.stmcufinder\plugins\mcufinder/ => C:\Users\enes_\.stmcufinder\plugins\mcufinder
2021-07-14 17:07:05,945 [INFO] DbExamplesSqlite:690 - Set database path to: C:\Users\enes_\.stmcufinder\plugins\mcufinder//mcu/
2021-07-14 17:07:06,257 [INFO] ApplicationProperties:181 - Using Application install path: D:\St\STM32CubeIDE_1.5.1\STM32CubeIDE\plugins\com.st.stm32cube.common.mx_6.2.1.202103241236
2021-07-14 17:07:06,320 [INFO] PluginManage:178 - Search for loadable plugins [exclusion list=, ]
2021-07-14 17:07:06,335 [INFO] PluginManage:292 - Check plugin analytics
2021-07-14 17:07:06,475 [INFO] AnalyticsPlugin:233 - Accepted Software Licenses: 
2021-07-14 17:07:06,475 [INFO] AnalyticsPlugin:235 - Accepted CMSIS Pack Licenses: 
2021-07-14 17:07:06,475 [INFO] AnalyticsPlugin:237 - Accepted Firmware Licenses: 
2021-07-14 17:07:06,475 [INFO] PluginManage:342 - Loaded plugin analytics (category:tool,tabindex:-1)
2021-07-14 17:07:06,475 [INFO] PluginManage:292 - Check plugin clock
2021-07-14 17:07:06,491 [INFO] PluginManage:342 - Loaded plugin clock (category:base,tabindex:2)
2021-07-14 17:07:06,491 [INFO] PluginManage:292 - Check plugin ddr
2021-07-14 17:07:06,491 [INFO] PluginManage:342 - Loaded plugin ddr (category:tool,tabindex:6)
2021-07-14 17:07:06,491 [INFO] PluginManage:292 - Check plugin filemanager
2021-07-14 17:07:06,585 [INFO] PluginManage:342 - Loaded plugin filemanager (category:base,tabindex:10)
2021-07-14 17:07:06,585 [INFO] PluginManage:292 - Check plugin ipmanager
2021-07-14 17:07:06,600 [INFO] PluginManage:342 - Loaded plugin ipmanager (category:base,tabindex:5)
2021-07-14 17:07:06,600 [INFO] PluginManage:292 - Check plugin pinoutandconfiguration
2021-07-14 17:07:06,600 [INFO] PluginManage:342 - Loaded plugin pinoutandconfiguration (category:base,tabindex:1)
2021-07-14 17:07:06,600 [INFO] PluginManage:292 - Check plugin pinoutconfig
2021-07-14 17:07:06,695 [INFO] PluginManage:342 - Loaded plugin pinoutconfig (category:base,tabindex:0)
2021-07-14 17:07:06,695 [INFO] PluginManage:292 - Check plugin power
2021-07-14 17:07:06,710 [INFO] PluginManage:342 - Loaded plugin power (category:power,tabindex:4)
2021-07-14 17:07:06,710 [INFO] PluginManage:292 - Check plugin projectmanager
2021-07-14 17:07:06,725 [INFO] PluginManage:342 - Loaded plugin projectmanager (category:projectmanager,tabindex:3)
2021-07-14 17:07:06,725 [INFO] PluginManage:292 - Check plugin thirdparty
2021-07-14 17:07:06,835 [INFO] PluginManage:342 - Loaded plugin thirdparty (category:base,tabindex:-1)
2021-07-14 17:07:06,835 [INFO] PluginManage:292 - Check plugin tools
2021-07-14 17:07:06,835 [WARN] IntegrityCheckThread:59 - waiting for thirdparty lock release [integrity check]
2021-07-14 17:07:06,835 [INFO] IntegrityCheckThread:61 - entering critical section [integrity check]
2021-07-14 17:07:06,835 [INFO] ThirdPartyUpdaterWithRetryManager:56 - Updater plugin not ready yet. [1/15]
2021-07-14 17:07:06,835 [INFO] PluginManage:342 - Loaded plugin tools (category:base,tabindex:7)
2021-07-14 17:07:06,835 [INFO] PluginManage:292 - Check plugin tutovideos
2021-07-14 17:07:07,022 [INFO] PluginManage:342 - Loaded plugin tutovideos (category:base,tabindex:-1)
2021-07-14 17:07:07,038 [INFO] PluginManage:292 - Check plugin updater
2021-07-14 17:07:07,038 [INFO] PluginManage:342 - Loaded plugin updater (category:base,tabindex:12)
2021-07-14 17:07:07,038 [INFO] PluginManage:265 - PluginManage : Loaded plugins [13]
2021-07-14 17:07:07,210 [INFO] PinOutPanel:1435 - setPackage(No Configuration,No Configuration)
2021-07-14 17:07:07,288 [INFO] IPUIPlugin:64 - create IPUIPlugin
2021-07-14 17:07:07,303 [INFO] PluginManager:203 - loadIPPluginJar : add adc
2021-07-14 17:07:07,303 [INFO] IPUIPlugin:64 - create IPUIPlugin
2021-07-14 17:07:07,303 [INFO] PluginManager:203 - loadIPPluginJar : add aes
2021-07-14 17:07:07,303 [INFO] IPUIPlugin:64 - create IPUIPlugin
2021-07-14 17:07:07,303 [INFO] PluginManager:203 - loadIPPluginJar : add can
2021-07-14 17:07:07,303 [INFO] IPUIPlugin:64 - create IPUIPlugin
2021-07-14 17:07:07,303 [INFO] PluginManager:203 - loadIPPluginJar : add comp
2021-07-14 17:07:07,303 [INFO] IPUIPlugin:64 - create IPUIPlugin
2021-07-14 17:07:07,303 [INFO] PluginManager:203 - loadIPPluginJar : add cryp
2021-07-14 17:07:07,303 [INFO] IPUIPlugin:64 - create IPUIPlugin
2021-07-14 17:07:07,303 [INFO] PluginManager:203 - loadIPPluginJar : add dfsdm
2021-07-14 17:07:07,303 [INFO] IPUIPlugin:64 - create IPUIPlugin
2021-07-14 17:07:07,303 [INFO] PluginManager:203 - loadIPPluginJar : add dma
2021-07-14 17:07:07,319 [INFO] IPUIPlugin:64 - create IPUIPlugin
2021-07-14 17:07:07,319 [INFO] PluginManager:203 - loadIPPluginJar : add fatfs
2021-07-14 17:07:07,319 [INFO] IPUIPlugin:64 - create IPUIPlugin
2021-07-14 17:07:07,319 [INFO] PluginManager:203 - loadIPPluginJar : add fmc
2021-07-14 17:07:07,319 [INFO] IPUIPlugin:64 - create IPUIPlugin
2021-07-14 17:07:07,319 [INFO] PluginManager:203 - loadIPPluginJar : add freertos
2021-07-14 17:07:07,319 [INFO] IPUIPlugin:64 - create IPUIPlugin
2021-07-14 17:07:07,319 [INFO] PluginManager:203 - loadIPPluginJar : add genericplugin
2021-07-14 17:07:07,335 [INFO] IPUIPlugin:64 - create IPUIPlugin
2021-07-14 17:07:07,335 [INFO] PluginManager:203 - loadIPPluginJar : add gfxmmu
2021-07-14 17:07:07,335 [INFO] IPUIPlugin:64 - create IPUIPlugin
2021-07-14 17:07:07,335 [INFO] PluginManager:203 - loadIPPluginJar : add gic
2021-07-14 17:07:07,335 [INFO] IPUIPlugin:64 - create IPUIPlugin
2021-07-14 17:07:07,335 [INFO] PluginManager:203 - loadIPPluginJar : add gpio
2021-07-14 17:07:07,335 [INFO] IPUIPlugin:64 - create IPUIPlugin
2021-07-14 17:07:07,335 [INFO] PluginManager:203 - loadIPPluginJar : add gtzc
2021-07-14 17:07:07,335 [INFO] IPUIPlugin:64 - create IPUIPlugin
2021-07-14 17:07:07,335 [INFO] PluginManager:203 - loadIPPluginJar : add hash
2021-07-14 17:07:07,335 [INFO] IPUIPlugin:64 - create IPUIPlugin
2021-07-14 17:07:07,335 [INFO] PluginManager:203 - loadIPPluginJar : add i2c
2021-07-14 17:07:07,350 [INFO] IPUIPlugin:64 - create IPUIPlugin
2021-07-14 17:07:07,350 [INFO] PluginManager:203 - loadIPPluginJar : add i2s
2021-07-14 17:07:07,350 [INFO] IPUIPlugin:64 - create IPUIPlugin
2021-07-14 17:07:07,350 [INFO] PluginManager:203 - loadIPPluginJar : add ipddr
2021-07-14 17:07:07,350 [INFO] IPUIPlugin:64 - create IPUIPlugin
2021-07-14 17:07:07,350 [INFO] PluginManager:203 - loadIPPluginJar : add lorawan
2021-07-14 17:07:07,350 [INFO] IPUIPlugin:64 - create IPUIPlugin
2021-07-14 17:07:07,350 [INFO] PluginManager:203 - loadIPPluginJar : add ltdc
2021-07-14 17:07:07,350 [INFO] IPUIPlugin:64 - create IPUIPlugin
2021-07-14 17:07:07,350 [INFO] PluginManager:203 - loadIPPluginJar : add mdma
2021-07-14 17:07:07,350 [INFO] IPUIPlugin:64 - create IPUIPlugin
2021-07-14 17:07:07,350 [INFO] PluginManager:203 - loadIPPluginJar : add nvic
2021-07-14 17:07:07,350 [INFO] IPUIPlugin:64 - create IPUIPlugin
2021-07-14 17:07:07,350 [INFO] PluginManager:203 - loadIPPluginJar : add opamp
2021-07-14 17:07:07,366 [INFO] IPUIPlugin:64 - create IPUIPlugin
2021-07-14 17:07:07,366 [INFO] PluginManager:203 - loadIPPluginJar : add openamp
2021-07-14 17:07:07,366 [INFO] IPUIPlugin:64 - create IPUIPlugin
2021-07-14 17:07:07,366 [INFO] PluginManager:203 - loadIPPluginJar : add pdm2pcm
2021-07-14 17:07:07,366 [INFO] IPUIPlugin:64 - create IPUIPlugin
2021-07-14 17:07:07,366 [INFO] PluginManager:203 - loadIPPluginJar : add plateformsettings
2021-07-14 17:07:07,366 [INFO] IPUIPlugin:64 - create IPUIPlugin
2021-07-14 17:07:07,366 [INFO] PluginManager:203 - loadIPPluginJar : add quadspi
2021-07-14 17:07:07,366 [INFO] IPUIPlugin:64 - create IPUIPlugin
2021-07-14 17:07:07,366 [INFO] PluginManager:203 - loadIPPluginJar : add resmgrutility
2021-07-14 17:07:07,382 [INFO] IPUIPlugin:64 - create IPUIPlugin
2021-07-14 17:07:07,382 [INFO] PluginManager:203 - loadIPPluginJar : add sai
2021-07-14 17:07:07,382 [INFO] IPUIPlugin:64 - create IPUIPlugin
2021-07-14 17:07:07,382 [INFO] PluginManager:203 - loadIPPluginJar : add spi
2021-07-14 17:07:07,382 [INFO] IPUIPlugin:64 - create IPUIPlugin
2021-07-14 17:07:07,382 [INFO] PluginManager:203 - loadIPPluginJar : add stm32_wpan
2021-07-14 17:07:07,382 [INFO] IPUIPlugin:64 - create IPUIPlugin
2021-07-14 17:07:07,382 [INFO] PluginManager:203 - loadIPPluginJar : add tim
2021-07-14 17:07:07,382 [INFO] IPUIPlugin:64 - create IPUIPlugin
2021-07-14 17:07:07,382 [INFO] PluginManager:203 - loadIPPluginJar : add touchsensing
2021-07-14 17:07:07,382 [INFO] IPUIPlugin:64 - create IPUIPlugin
2021-07-14 17:07:07,382 [INFO] PluginManager:203 - loadIPPluginJar : add tracer_emb
2021-07-14 17:07:07,382 [INFO] IPUIPlugin:64 - create IPUIPlugin
2021-07-14 17:07:07,382 [INFO] PluginManager:203 - loadIPPluginJar : add ts
2021-07-14 17:07:07,382 [INFO] IPUIPlugin:64 - create IPUIPlugin
2021-07-14 17:07:07,382 [INFO] PluginManager:203 - loadIPPluginJar : add tsc
2021-07-14 17:07:07,397 [INFO] IPUIPlugin:64 - create IPUIPlugin
2021-07-14 17:07:07,397 [INFO] PluginManager:203 - loadIPPluginJar : add ucpd
2021-07-14 17:07:07,397 [INFO] IPUIPlugin:64 - create IPUIPlugin
2021-07-14 17:07:07,397 [INFO] PluginManager:203 - loadIPPluginJar : add usart
2021-07-14 17:07:07,668 [FATAL] Updater:284 - Updater called before beeing initialized
2021-07-14 17:07:07,809 [FATAL] Updater:284 - Updater called before beeing initialized
2021-07-14 17:07:07,809 [INFO] DbMcusAds:132 - JSON generation date=Mon Jul 12 17:30:19 TRT 2021 (1626100219764)
2021-07-14 17:07:07,809 [FATAL] Updater:284 - Updater called before beeing initialized
2021-07-14 17:07:07,840 [WARN] DetailPanel:315 - Failed to get advertising image, set to default
2021-07-14 17:07:08,121 [FATAL] Updater:284 - Updater called before beeing initialized
2021-07-14 17:07:08,121 [FATAL] Updater:284 - Updater called before beeing initialized
2021-07-14 17:07:08,121 [FATAL] Updater:284 - Updater called before beeing initialized
2021-07-14 17:07:08,121 [WARN] DetailPanel:315 - Failed to get advertising image, set to default
2021-07-14 17:07:08,121 [FATAL] Updater:284 - Updater called before beeing initialized
2021-07-14 17:07:08,199 [FATAL] Updater:284 - Updater called before beeing initialized
2021-07-14 17:07:08,199 [WARN] ThirdParty:796 - waiting for thirdparty lock release [close project]
2021-07-14 17:07:09,840 [INFO] ThirdPartyUpdaterWithRetryManager:56 - Updater plugin not ready yet. [2/15]
2021-07-14 17:07:12,855 [FATAL] Updater:284 - Updater called before beeing initialized
2021-07-14 17:07:12,855 [ERROR] AbstractThirdPartyUpdaterManager:153 - class java.lang.Integer cannot be cast to class java.util.List (java.lang.Integer and java.util.List are in module java.base of loader 'bootstrap')
2021-07-14 17:07:12,855 [INFO] ThirdParty:900 - Integrity check success = false
2021-07-14 17:07:12,855 [INFO] IntegrityCheckThread:75 - exiting critical section [integrity check]
2021-07-14 17:07:12,855 [INFO] IntegrityCheckThread:78 - End integrity checks thread
2021-07-14 17:07:12,855 [INFO] ThirdParty:798 - entering critical section [close project]
2021-07-14 17:07:12,855 [INFO] ThirdParty:809 - exiting critical section [close project]
2021-07-14 17:07:12,855 [INFO] PinOutPanel:1435 - setPackage(No Configuration,No Configuration)
2021-07-14 17:07:12,855 [FATAL] Updater:284 - Updater called before beeing initialized
2021-07-14 17:07:12,855 [ERROR] Updater:1065 - MainUpdater not yet initialized. External WinMGr cannot be set.
2021-07-14 17:07:12,870 [INFO] Updater:1002 - Updater Version found : 6.2.1
2021-07-14 17:07:12,870 [INFO] ApplicationProperties:181 - Using Application install path: D:\St\STM32CubeIDE_1.5.1\STM32CubeIDE\plugins\com.st.stm32cube.common.mx_6.2.1.202103241236
2021-07-14 17:07:13,027 [INFO] MainUpdater:2661 - connection check result : 10
2021-07-14 17:07:13,027 [INFO] MainUpdater:255 - Updater Check For Update Now.
2021-07-14 17:07:13,027 [INFO] MicroXplorer:472 - Change Database Version : DB.6.0.21
2021-07-14 17:07:13,073 [INFO] CheckServerUpdateThread:102 - End of CheckServer Thread
2021-07-14 17:07:13,152 [INFO] MainUpdater:2661 - connection check result : 10
2021-07-14 17:07:13,386 [INFO] CrossSelectorPresenter:1330 - Cross Selector saved comparison directory: C:\Users\enes_\.stmcufinder\plugins\mcufinder\mcu\cs_comparisons_mx
2021-07-14 17:07:13,401 [INFO] MultiScanPanel:200 - Auto-refresh data requested => check proxy status ongoing
2021-07-14 17:07:13,401 [INFO] FinderPluginLoader:87 - Searching for filters in installed packs
2021-07-14 17:07:13,401 [INFO] DbMcusXml:100 - Load MCU database from D:\St\STM32CubeIDE_1.5.1\STM32CubeIDE\plugins\com.st.stm32cube.common.mx_6.2.1.202103241236\\db\/mcu/families.xml
2021-07-14 17:07:14,307 [INFO] DbMcusJson:94 - JSON generation date=Mon Jun 07 11:53:21 TRT 2021 (1623056001)
2021-07-14 17:07:15,041 [INFO] DbMcus:175 - Found 1906 MCUs (1866 are supported by CubeMX, 1866 are visible in CubeMX)
2021-07-14 17:07:15,041 [INFO] ApiDb:251 - Load user favorites file C:\Users\enes_/.stm32cubeide/favorites.mcus.txt: 1 item(s)
2021-07-14 17:07:15,041 [INFO] ApiDb:255 - User favorites MCUs=[STM32F100C8Tx]
2021-07-14 17:07:15,041 [INFO] DbMcus:187 - Set 1 / 1 favorites MCUs
2021-07-14 17:07:15,526 [WARN] DetailPanel:315 - Failed to get advertising image, set to default
2021-07-14 17:07:15,948 [INFO] DbBoardsPdsc:90 - Found 24 items
2021-07-14 17:07:15,963 [INFO] DbBoardsPdsc:90 - Found 9 items
2021-07-14 17:07:15,963 [INFO] DbBoardsPdsc:90 - Found 33 items
2021-07-14 17:07:15,963 [INFO] DbBoardsPdsc:90 - Found 1 items
2021-07-14 17:07:15,963 [INFO] DbBoardsPdsc:90 - Found 46 items
2021-07-14 17:07:15,979 [INFO] DbBoardsPdsc:90 - Found 41 items
2021-07-14 17:07:15,979 [INFO] DbBoardsPdsc:90 - Found 2 items
2021-07-14 17:07:15,979 [INFO] DbBoardsPdsc:90 - Found 5 items
2021-07-14 17:07:15,979 [WARN] DbBoardsPdsc:254 - Board NUCLEO-WB15CC: unknown feature type=, name=, username=Three user LEDs, n=1
2021-07-14 17:07:15,979 [WARN] DbBoardsPdsc:254 - Board NUCLEO-WB15CC: unknown feature type=, name=, username=One reset and three user push-buttons, n=1
2021-07-14 17:07:15,979 [WARN] DbBoardsPdsc:254 - Board NUCLEO-WB15CC: unknown feature type=, name=, username=Arduino Uno V3 expansion connector, n=1
2021-07-14 17:07:15,979 [WARN] DbBoardsPdsc:254 - Board NUCLEO-WB15CC: unknown feature type=, name=, username=ST morpho extension pin headers for full access to all STM32WB I/Os, n=1
2021-07-14 17:07:15,979 [WARN] DbBoardsPdsc:254 - Board NUCLEO-WB15CC: unknown feature type=, name=, username=Integrated PCB antenna and SMA connector footprint, n=1
2021-07-14 17:07:15,979 [WARN] DbBoardsPdsc:254 - Board NUCLEO-WB15CC: unknown feature type=, name=, username=Flexible power-supply options: ST-LINK, USB VBUS, or external sources, n=1
2021-07-14 17:07:15,979 [WARN] DbBoardsPdsc:254 - Board NUCLEO-WB15CC: unknown feature type=, name=, username=On-board footprint to mount a CR2032 battery socket, n=1
2021-07-14 17:07:15,979 [WARN] DbBoardsPdsc:254 - Board NUCLEO-WB15CC: unknown feature type=, name=, username=On-board ST-LINK/V2-1 debugger/programmer with USB re-enumeration capability: mass storage, Virtual COM port, and debug port, n=1
2021-07-14 17:07:15,979 [WARN] DbBoardsPdsc:254 - Board NUCLEO-WB15CC: unknown feature type=, name=, username=Comprehensive free software libraries and examples available with the STM32CubeWB MCU Package, n=1
2021-07-14 17:07:15,979 [WARN] DbBoardsPdsc:254 - Board NUCLEO-WB15CC: unknown feature type=, name=, username=Support of a wide choice of Integrated Development Environments (IDEs) including IAR Embedded Workbench, MDK-ARM, STM32CubeIDE, and Mbed Studio, n=1
2021-07-14 17:07:15,979 [WARN] DbBoardsPdsc:254 - Board STM32H7B3I-DK: unknown feature type=Audio, name=, username=Audio stereo codec with Headphone Amp (CS42L51-CNZ), n=1
2021-07-14 17:07:15,979 [WARN] DbBoardsPdsc:254 - Board STM32H735G-DK: unknown feature type=Audio, name=, username=Audio stereo codec with Headphone Amp (WM8994ECS/R), n=1
2021-07-14 17:07:15,979 [WARN] DbBoardsPdsc:254 - Board STM32WB5MM-DK: unknown feature type=, name=, username=Time-of-Flight and gesture-detection sensor, n=1
2021-07-14 17:07:15,979 [WARN] DbBoardsPdsc:254 - Board STM32WB5MM-DK: unknown feature type=, name=, username=3 push-buttons (2 users and 1 reset) and 1 touch key button, n=1
2021-07-14 17:07:15,979 [WARN] DbBoardsPdsc:254 - Board STM32WB5MM-DK: unknown feature type=, name=, username=Flexible power-supply options: ST-LINK/V2-1 USB connector, 5 V delivered by ARDUINO® or external connector, USB charger, or USB power, n=1
2021-07-14 17:07:15,979 [WARN] DbBoardsPdsc:254 - Board STM32WB5MM-DK: unknown feature type=, name=, username=On-board ST-LINK/V2-1 debugger/programmer with USB re-enumeration capability: Virtual COM port and debug port, n=1
2021-07-14 17:07:15,979 [WARN] DbBoardsPdsc:254 - Board STM32WB5MM-DK: unknown feature type=, name=, username=Comprehensive free software libraries and examples available with the STM32CubeWB MCU Package, n=1
2021-07-14 17:07:15,979 [WARN] DbBoardsPdsc:254 - Board STM32WB5MM-DK: unknown feature type=, name=, username=Support of a wide choice of Integrated Development Environments (IDEs) including IAR Embedded Workbench®, MDK-ARM, and STM32CubeIDE, n=1
2021-07-14 17:07:15,979 [WARN] DbBoardsPdsc:254 - Board STM32H7B3I-EVAL: unknown feature type=Audio, name=, username=Multi-Channel Audio Codec (CS42L51-CNZ), n=1
2021-07-14 17:07:15,979 [WARN] DbBoardsPdsc:254 - Board STM32H7B3I-EVAL: unknown feature type=Meter, name=, username=Power-metering and Temperature-monitoring with sigma-delta modulators, n=1
2021-07-14 17:07:15,979 [WARN] DbBoardsPdsc:254 - Board STM32H7B3I-EVAL: unknown feature type=Motor, name=, username=Motor Control, n=1
2021-07-14 17:07:15,994 [INFO] DbBoardsJson:87 - JSON generation date=Tue Jun 01 08:52:40 TRT 2021 (1622526760)
2021-07-14 17:07:16,010 [INFO] DbBoards:117 - Found 161 boards (158 are supported by CubeMX)
2021-07-14 17:07:16,026 [INFO] DbBoardsDocs:143 - JSON generation date=Tue Jun 01 08:52:40 TRT 2021 (1622526760)
2021-07-14 17:07:16,072 [INFO] DbBoardsDocs:79 - Found 193 boards documents
2021-07-14 17:07:16,072 [WARN] DbBoards:127 - board B-L462E-CELL1 has no document id list !
2021-07-14 17:07:16,072 [WARN] DbBoards:127 - board B-L475E-IOT01A2 has no document id list !
2021-07-14 17:07:16,072 [WARN] DbBoards:127 - board NUCLEO-G0B1RE has no document id list !
2021-07-14 17:07:16,072 [WARN] DbBoards:127 - board NUCLEO-H743ZI has no document id list !
2021-07-14 17:07:16,072 [WARN] DbBoards:127 - board NUCLEO-L4A6ZG has no document id list !
2021-07-14 17:07:16,072 [WARN] DbBoards:127 - board NUCLEO-WB15CC has no document id list !
2021-07-14 17:07:16,072 [WARN] DbBoards:127 - board NUCLEO-WB55RG has no document id list !
2021-07-14 17:07:16,072 [WARN] DbBoards:127 - board NUCLEO-WL55JC2 has no document id list !
2021-07-14 17:07:16,072 [WARN] DbBoards:127 - board P-NUCLEO-WB55-Nucleo has no document id list !
2021-07-14 17:07:16,072 [WARN] DbBoards:127 - board P-NUCLEO-WB55-USBDongle has no document id list !
2021-07-14 17:07:16,072 [WARN] DbBoards:127 - board STEVAL-BFA001V1B has no document id list !
2021-07-14 17:07:16,072 [WARN] DbBoards:127 - board STEVAL-BFA001V2B has no document id list !
2021-07-14 17:07:16,072 [WARN] DbBoards:127 - board STEVAL-IDP005V1 has no document id list !
2021-07-14 17:07:16,072 [WARN] DbBoards:127 - board STEVAL-IDP005V2 has no document id list !
2021-07-14 17:07:16,072 [WARN] DbBoards:127 - board STEVAL-MKSBOX1V1 has no document id list !
2021-07-14 17:07:16,072 [WARN] DbBoards:127 - board STEVAL-STWINKT1 has no document id list !
2021-07-14 17:07:16,072 [WARN] DbBoards:127 - board STEVAL-STWINKT1B has no document id list !
2021-07-14 17:07:16,072 [WARN] DbBoards:127 - board STM32F401C-DISCO has no document id list !
2021-07-14 17:07:16,072 [WARN] DbBoards:127 - board STM32F769I-DISC1 has no document id list !
2021-07-14 17:07:16,072 [WARN] DbBoards:127 - board STM32G0C1E-EV has no document id list !
2021-07-14 17:07:16,072 [WARN] DbBoards:127 - board STM32G474E-EVAL1 has no document id list !
2021-07-14 17:07:16,072 [WARN] DbBoards:127 - board STM32H743I-EVAL2 has no document id list !
2021-07-14 17:07:16,072 [WARN] DbBoards:127 - board STM32H747I-DISC1 has no document id list !
2021-07-14 17:07:16,072 [WARN] DbBoards:127 - board STM32H753I-EVAL2 has no document id list !
2021-07-14 17:07:16,072 [WARN] DbBoards:127 - board STM32L-DISCOVERY has no document id list !
2021-07-14 17:07:16,072 [WARN] DbBoards:127 - board STM32MP157A-DK1 has no document id list !
2021-07-14 17:07:16,072 [WARN] DbBoards:127 - board STM32MP157F-DK2 has no document id list !
2021-07-14 17:07:16,072 [WARN] DbBoards:127 - board STM32MP157F-EV1 has no document id list !
2021-07-14 17:07:16,072 [WARN] DbBoards:127 - board STM32WB5MM-DK has no document id list !
2021-07-14 17:07:17,666 [INFO] ApiDb:251 - Load user favorites file C:\Users\enes_/.stm32cubeide/favorites.boards.txt: 1 item(s)
2021-07-14 17:07:17,666 [INFO] ApiDb:255 - User favorites Boards=[NUCLEO-F303RE]
2021-07-14 17:07:17,666 [INFO] DbBoards:206 - Set 1 / 1 favorites Boards
2021-07-14 17:08:18,577 [INFO] Activator:170 - 


2021-07-14 17:08:18,577 [INFO] Activator:171 - !SESSION log4j initialized
2021-07-14 17:08:32,339 [INFO] McuFinderGlobals:39 - Set McuFinder mode to 2 (CubeIDE integrated)
2021-07-14 17:08:32,432 [INFO] ApplicationProperties:181 - Using Application install path: D:\St\STM32CubeIDE_1.5.1\STM32CubeIDE\plugins\com.st.stm32cube.common.mx_6.2.1.202103241236
2021-07-14 17:08:32,448 [INFO] DbMcusXml:74 - Set database path to: D:\St\STM32CubeIDE_1.5.1\STM32CubeIDE\plugins\com.st.stm32cube.common.mx_6.2.1.202103241236\\db\/mcu/
2021-07-14 17:08:32,448 [INFO] DbBoardsPdsc:56 - Set plugin database path to: D:\St\STM32CubeIDE_1.5.1\STM32CubeIDE\plugins\com.st.stm32cube.common.mx_6.2.1.202103241236\\db\/plugins/boardmanager/
2021-07-14 17:08:32,448 [INFO] DbMcus:258 - Set plugin images path to: D:\St\STM32CubeIDE_1.5.1\STM32CubeIDE\plugins\com.st.stm32cube.common.mx_6.2.1.202103241236\\db\/plugins/mcufinder/images/
2021-07-14 17:08:32,448 [INFO] DbBoards:264 - Set plugin images path to: D:\St\STM32CubeIDE_1.5.1\STM32CubeIDE\plugins\com.st.stm32cube.common.mx_6.2.1.202103241236\\db\/plugins/mcufinder/images/
2021-07-14 17:08:32,448 [INFO] DbExamples:333 - Set plugin images path to: D:\St\STM32CubeIDE_1.5.1\STM32CubeIDE\plugins\com.st.stm32cube.common.mx_6.2.1.202103241236\\db\/plugins/mcufinder/images/
2021-07-14 17:08:32,464 [INFO] DbMcusAds:85 - Set database path to: C:\Users\enes_\.stmcufinder\plugins\mcufinder//mcu/
2021-07-14 17:08:32,464 [INFO] DbMcusDocs:110 - Set database path to: C:\Users\enes_\.stmcufinder\plugins\mcufinder//mcu/
2021-07-14 17:08:32,464 [INFO] DbMcusJson:65 - Set database path to: C:\Users\enes_\.stmcufinder\plugins\mcufinder//mcu/
2021-07-14 17:08:32,464 [INFO] DbBoardsDocs:110 - Set database path to: C:\Users\enes_\.stmcufinder\plugins\mcufinder//mcu/
2021-07-14 17:08:32,464 [INFO] DbBoardsJson:58 - Set database path to: C:\Users\enes_\.stmcufinder\plugins\mcufinder//mcu/
2021-07-14 17:08:32,605 [INFO] CrossReferenceDbSqlite:196 - Set database path to: C:\Users\enes_\.stmcufinder\plugins\mcufinder//mcu/cs/
2021-07-14 17:08:32,605 [INFO] DbExamplesSqlite:690 - Set database path to: C:\Users\enes_\.stmcufinder\plugins\mcufinder//mcu/
2021-07-14 17:08:32,698 [INFO] RulesReader:52 - Compatibility file has been processed (237 Rules)
2021-07-14 17:08:32,776 [INFO] MicroXplorer:622 - Detected Java Version = 11.0.9.1
2021-07-14 17:08:32,776 [INFO] DbMcusXml:74 - Set database path to: D:\St\STM32CubeIDE_1.5.1\STM32CubeIDE\plugins\com.st.stm32cube.common.mx_6.2.1.202103241236\\db\/mcu/
2021-07-14 17:08:32,776 [INFO] DbBoardsPdsc:56 - Set plugin database path to: D:\St\STM32CubeIDE_1.5.1\STM32CubeIDE\plugins\com.st.stm32cube.common.mx_6.2.1.202103241236\\db\/plugins/boardmanager/
2021-07-14 17:08:32,776 [INFO] DbMcus:258 - Set plugin images path to: D:\St\STM32CubeIDE_1.5.1\STM32CubeIDE\plugins\com.st.stm32cube.common.mx_6.2.1.202103241236\\db\/plugins/mcufinder/images/
2021-07-14 17:08:32,776 [INFO] DbBoards:264 - Set plugin images path to: D:\St\STM32CubeIDE_1.5.1\STM32CubeIDE\plugins\com.st.stm32cube.common.mx_6.2.1.202103241236\\db\/plugins/mcufinder/images/
2021-07-14 17:08:32,776 [INFO] DbExamples:333 - Set plugin images path to: D:\St\STM32CubeIDE_1.5.1\STM32CubeIDE\plugins\com.st.stm32cube.common.mx_6.2.1.202103241236\\db\/plugins/mcufinder/images/
2021-07-14 17:08:32,776 [WARN] DbFile:35 - Overriding database path with different value: C:\Users\enes_\.stmcufinder\plugins\mcufinder/ => C:\Users\enes_\.stmcufinder\plugins\mcufinder
2021-07-14 17:08:32,776 [INFO] DbMcusAds:85 - Set database path to: C:\Users\enes_\.stmcufinder\plugins\mcufinder//mcu/
2021-07-14 17:08:32,776 [WARN] DbFile:35 - Overriding database path with different value: C:\Users\enes_\.stmcufinder\plugins\mcufinder/ => C:\Users\enes_\.stmcufinder\plugins\mcufinder
2021-07-14 17:08:32,776 [INFO] DbMcusDocs:110 - Set database path to: C:\Users\enes_\.stmcufinder\plugins\mcufinder//mcu/
2021-07-14 17:08:32,776 [WARN] DbFile:35 - Overriding database path with different value: C:\Users\enes_\.stmcufinder\plugins\mcufinder/ => C:\Users\enes_\.stmcufinder\plugins\mcufinder
2021-07-14 17:08:32,776 [INFO] DbMcusJson:65 - Set database path to: C:\Users\enes_\.stmcufinder\plugins\mcufinder//mcu/
2021-07-14 17:08:32,776 [WARN] DbFile:35 - Overriding database path with different value: C:\Users\enes_\.stmcufinder\plugins\mcufinder/ => C:\Users\enes_\.stmcufinder\plugins\mcufinder
2021-07-14 17:08:32,776 [INFO] DbBoardsDocs:110 - Set database path to: C:\Users\enes_\.stmcufinder\plugins\mcufinder//mcu/
2021-07-14 17:08:32,776 [WARN] DbFile:35 - Overriding database path with different value: C:\Users\enes_\.stmcufinder\plugins\mcufinder/ => C:\Users\enes_\.stmcufinder\plugins\mcufinder
2021-07-14 17:08:32,776 [INFO] DbBoardsJson:58 - Set database path to: C:\Users\enes_\.stmcufinder\plugins\mcufinder//mcu/
2021-07-14 17:08:32,776 [WARN] DbFile:35 - Overriding database path with different value: C:\Users\enes_\.stmcufinder\plugins\mcufinder/ => C:\Users\enes_\.stmcufinder\plugins\mcufinder
2021-07-14 17:08:32,776 [WARN] DbFile:35 - Overriding database path with different value: C:\Users\enes_\.stmcufinder\plugins\mcufinder/ => C:\Users\enes_\.stmcufinder\plugins\mcufinder
2021-07-14 17:08:32,776 [INFO] CrossReferenceDbSqlite:196 - Set database path to: C:\Users\enes_\.stmcufinder\plugins\mcufinder//mcu/cs/
2021-07-14 17:08:32,776 [WARN] DbFile:35 - Overriding database path with different value: C:\Users\enes_\.stmcufinder\plugins\mcufinder/ => C:\Users\enes_\.stmcufinder\plugins\mcufinder
2021-07-14 17:08:32,776 [INFO] DbExamplesSqlite:690 - Set database path to: C:\Users\enes_\.stmcufinder\plugins\mcufinder//mcu/
2021-07-14 17:08:32,854 [INFO] MainPanel:204 - HeapMemory: 268435456
2021-07-14 17:08:32,901 [INFO] DbMcusXml:74 - Set database path to: D:\St\STM32CubeIDE_1.5.1\STM32CubeIDE\plugins\com.st.stm32cube.common.mx_6.2.1.202103241236\\db\/mcu/
2021-07-14 17:08:32,901 [INFO] DbBoardsPdsc:56 - Set plugin database path to: D:\St\STM32CubeIDE_1.5.1\STM32CubeIDE\plugins\com.st.stm32cube.common.mx_6.2.1.202103241236\\db\/plugins/boardmanager/
2021-07-14 17:08:32,901 [INFO] DbMcus:258 - Set plugin images path to: D:\St\STM32CubeIDE_1.5.1\STM32CubeIDE\plugins\com.st.stm32cube.common.mx_6.2.1.202103241236\\db\/plugins/mcufinder/images/
2021-07-14 17:08:32,901 [INFO] DbBoards:264 - Set plugin images path to: D:\St\STM32CubeIDE_1.5.1\STM32CubeIDE\plugins\com.st.stm32cube.common.mx_6.2.1.202103241236\\db\/plugins/mcufinder/images/
2021-07-14 17:08:32,901 [INFO] DbExamples:333 - Set plugin images path to: D:\St\STM32CubeIDE_1.5.1\STM32CubeIDE\plugins\com.st.stm32cube.common.mx_6.2.1.202103241236\\db\/plugins/mcufinder/images/
2021-07-14 17:08:32,901 [WARN] DbFile:35 - Overriding database path with different value: C:\Users\enes_\.stmcufinder\plugins\mcufinder/ => C:\Users\enes_\.stmcufinder\plugins\mcufinder
2021-07-14 17:08:32,901 [INFO] DbMcusAds:85 - Set database path to: C:\Users\enes_\.stmcufinder\plugins\mcufinder//mcu/
2021-07-14 17:08:32,901 [WARN] DbFile:35 - Overriding database path with different value: C:\Users\enes_\.stmcufinder\plugins\mcufinder/ => C:\Users\enes_\.stmcufinder\plugins\mcufinder
2021-07-14 17:08:32,901 [INFO] DbMcusDocs:110 - Set database path to: C:\Users\enes_\.stmcufinder\plugins\mcufinder//mcu/
2021-07-14 17:08:32,901 [WARN] DbFile:35 - Overriding database path with different value: C:\Users\enes_\.stmcufinder\plugins\mcufinder/ => C:\Users\enes_\.stmcufinder\plugins\mcufinder
2021-07-14 17:08:32,901 [INFO] DbMcusJson:65 - Set database path to: C:\Users\enes_\.stmcufinder\plugins\mcufinder//mcu/
2021-07-14 17:08:32,901 [WARN] DbFile:35 - Overriding database path with different value: C:\Users\enes_\.stmcufinder\plugins\mcufinder/ => C:\Users\enes_\.stmcufinder\plugins\mcufinder
2021-07-14 17:08:32,901 [INFO] DbBoardsDocs:110 - Set database path to: C:\Users\enes_\.stmcufinder\plugins\mcufinder//mcu/
2021-07-14 17:08:32,901 [WARN] DbFile:35 - Overriding database path with different value: C:\Users\enes_\.stmcufinder\plugins\mcufinder/ => C:\Users\enes_\.stmcufinder\plugins\mcufinder
2021-07-14 17:08:32,901 [INFO] DbBoardsJson:58 - Set database path to: C:\Users\enes_\.stmcufinder\plugins\mcufinder//mcu/
2021-07-14 17:08:32,901 [WARN] DbFile:35 - Overriding database path with different value: C:\Users\enes_\.stmcufinder\plugins\mcufinder/ => C:\Users\enes_\.stmcufinder\plugins\mcufinder
2021-07-14 17:08:32,901 [WARN] DbFile:35 - Overriding database path with different value: C:\Users\enes_\.stmcufinder\plugins\mcufinder/ => C:\Users\enes_\.stmcufinder\plugins\mcufinder
2021-07-14 17:08:32,901 [INFO] CrossReferenceDbSqlite:196 - Set database path to: C:\Users\enes_\.stmcufinder\plugins\mcufinder//mcu/cs/
2021-07-14 17:08:32,901 [WARN] DbFile:35 - Overriding database path with different value: C:\Users\enes_\.stmcufinder\plugins\mcufinder/ => C:\Users\enes_\.stmcufinder\plugins\mcufinder
2021-07-14 17:08:32,901 [INFO] DbExamplesSqlite:690 - Set database path to: C:\Users\enes_\.stmcufinder\plugins\mcufinder//mcu/
2021-07-14 17:08:32,917 [INFO] ApplicationProperties:181 - Using Application install path: D:\St\STM32CubeIDE_1.5.1\STM32CubeIDE\plugins\com.st.stm32cube.common.mx_6.2.1.202103241236
2021-07-14 17:08:32,917 [INFO] PluginManage:178 - Search for loadable plugins [exclusion list=, ]
2021-07-14 17:08:32,917 [INFO] PluginManage:292 - Check plugin analytics
2021-07-14 17:08:33,089 [INFO] AnalyticsPlugin:233 - Accepted Software Licenses: 
2021-07-14 17:08:33,089 [INFO] AnalyticsPlugin:235 - Accepted CMSIS Pack Licenses: 
2021-07-14 17:08:33,089 [INFO] AnalyticsPlugin:237 - Accepted Firmware Licenses: 
2021-07-14 17:08:33,089 [INFO] PluginManage:342 - Loaded plugin analytics (category:tool,tabindex:-1)
2021-07-14 17:08:33,089 [INFO] PluginManage:292 - Check plugin clock
2021-07-14 17:08:33,104 [INFO] PluginManage:342 - Loaded plugin clock (category:base,tabindex:2)
2021-07-14 17:08:33,104 [INFO] PluginManage:292 - Check plugin ddr
2021-07-14 17:08:33,104 [INFO] PluginManage:342 - Loaded plugin ddr (category:tool,tabindex:6)
2021-07-14 17:08:33,104 [INFO] PluginManage:292 - Check plugin filemanager
2021-07-14 17:08:33,214 [INFO] PluginManage:342 - Loaded plugin filemanager (category:base,tabindex:10)
2021-07-14 17:08:33,214 [INFO] PluginManage:292 - Check plugin ipmanager
2021-07-14 17:08:33,214 [INFO] PluginManage:342 - Loaded plugin ipmanager (category:base,tabindex:5)
2021-07-14 17:08:33,214 [INFO] PluginManage:292 - Check plugin pinoutandconfiguration
2021-07-14 17:08:33,214 [INFO] PluginManage:342 - Loaded plugin pinoutandconfiguration (category:base,tabindex:1)
2021-07-14 17:08:33,214 [INFO] PluginManage:292 - Check plugin pinoutconfig
2021-07-14 17:08:33,245 [INFO] PluginManage:342 - Loaded plugin pinoutconfig (category:base,tabindex:0)
2021-07-14 17:08:33,245 [INFO] PluginManage:292 - Check plugin power
2021-07-14 17:08:33,260 [INFO] PluginManage:342 - Loaded plugin power (category:power,tabindex:4)
2021-07-14 17:08:33,260 [INFO] PluginManage:292 - Check plugin projectmanager
2021-07-14 17:08:33,276 [INFO] PluginManage:342 - Loaded plugin projectmanager (category:projectmanager,tabindex:3)
2021-07-14 17:08:33,276 [INFO] PluginManage:292 - Check plugin thirdparty
2021-07-14 17:08:33,370 [INFO] PluginManage:342 - Loaded plugin thirdparty (category:base,tabindex:-1)
2021-07-14 17:08:33,370 [INFO] PluginManage:292 - Check plugin tools
2021-07-14 17:08:33,370 [WARN] IntegrityCheckThread:59 - waiting for thirdparty lock release [integrity check]
2021-07-14 17:08:33,370 [INFO] IntegrityCheckThread:61 - entering critical section [integrity check]
2021-07-14 17:08:33,370 [INFO] ThirdPartyUpdaterWithRetryManager:56 - Updater plugin not ready yet. [1/15]
2021-07-14 17:08:33,370 [INFO] PluginManage:342 - Loaded plugin tools (category:base,tabindex:7)
2021-07-14 17:08:33,370 [INFO] PluginManage:292 - Check plugin tutovideos
2021-07-14 17:08:33,542 [INFO] PluginManage:342 - Loaded plugin tutovideos (category:base,tabindex:-1)
2021-07-14 17:08:33,542 [INFO] PluginManage:292 - Check plugin updater
2021-07-14 17:08:33,557 [INFO] PluginManage:342 - Loaded plugin updater (category:base,tabindex:12)
2021-07-14 17:08:33,557 [INFO] PluginManage:265 - PluginManage : Loaded plugins [13]
2021-07-14 17:08:33,713 [INFO] PinOutPanel:1435 - setPackage(No Configuration,No Configuration)
2021-07-14 17:08:33,791 [INFO] IPUIPlugin:64 - create IPUIPlugin
2021-07-14 17:08:33,791 [INFO] PluginManager:203 - loadIPPluginJar : add adc
2021-07-14 17:08:33,791 [INFO] IPUIPlugin:64 - create IPUIPlugin
2021-07-14 17:08:33,791 [INFO] PluginManager:203 - loadIPPluginJar : add aes
2021-07-14 17:08:33,791 [INFO] IPUIPlugin:64 - create IPUIPlugin
2021-07-14 17:08:33,791 [INFO] PluginManager:203 - loadIPPluginJar : add can
2021-07-14 17:08:33,807 [INFO] IPUIPlugin:64 - create IPUIPlugin
2021-07-14 17:08:33,807 [INFO] PluginManager:203 - loadIPPluginJar : add comp
2021-07-14 17:08:33,807 [INFO] IPUIPlugin:64 - create IPUIPlugin
2021-07-14 17:08:33,807 [INFO] PluginManager:203 - loadIPPluginJar : add cryp
2021-07-14 17:08:33,807 [INFO] IPUIPlugin:64 - create IPUIPlugin
2021-07-14 17:08:33,807 [INFO] PluginManager:203 - loadIPPluginJar : add dfsdm
2021-07-14 17:08:33,807 [INFO] IPUIPlugin:64 - create IPUIPlugin
2021-07-14 17:08:33,807 [INFO] PluginManager:203 - loadIPPluginJar : add dma
2021-07-14 17:08:33,807 [INFO] IPUIPlugin:64 - create IPUIPlugin
2021-07-14 17:08:33,807 [INFO] PluginManager:203 - loadIPPluginJar : add fatfs
2021-07-14 17:08:33,807 [INFO] IPUIPlugin:64 - create IPUIPlugin
2021-07-14 17:08:33,807 [INFO] PluginManager:203 - loadIPPluginJar : add fmc
2021-07-14 17:08:33,823 [INFO] IPUIPlugin:64 - create IPUIPlugin
2021-07-14 17:08:33,823 [INFO] PluginManager:203 - loadIPPluginJar : add freertos
2021-07-14 17:08:33,823 [INFO] IPUIPlugin:64 - create IPUIPlugin
2021-07-14 17:08:33,823 [INFO] PluginManager:203 - loadIPPluginJar : add genericplugin
2021-07-14 17:08:33,823 [INFO] IPUIPlugin:64 - create IPUIPlugin
2021-07-14 17:08:33,823 [INFO] PluginManager:203 - loadIPPluginJar : add gfxmmu
2021-07-14 17:08:33,823 [INFO] IPUIPlugin:64 - create IPUIPlugin
2021-07-14 17:08:33,823 [INFO] PluginManager:203 - loadIPPluginJar : add gic
2021-07-14 17:08:33,823 [INFO] IPUIPlugin:64 - create IPUIPlugin
2021-07-14 17:08:33,823 [INFO] PluginManager:203 - loadIPPluginJar : add gpio
2021-07-14 17:08:33,838 [INFO] IPUIPlugin:64 - create IPUIPlugin
2021-07-14 17:08:33,838 [INFO] PluginManager:203 - loadIPPluginJar : add gtzc
2021-07-14 17:08:33,838 [INFO] IPUIPlugin:64 - create IPUIPlugin
2021-07-14 17:08:33,838 [INFO] PluginManager:203 - loadIPPluginJar : add hash
2021-07-14 17:08:33,838 [INFO] IPUIPlugin:64 - create IPUIPlugin
2021-07-14 17:08:33,838 [INFO] PluginManager:203 - loadIPPluginJar : add i2c
2021-07-14 17:08:33,838 [INFO] IPUIPlugin:64 - create IPUIPlugin
2021-07-14 17:08:33,838 [INFO] PluginManager:203 - loadIPPluginJar : add i2s
2021-07-14 17:08:33,838 [INFO] IPUIPlugin:64 - create IPUIPlugin
2021-07-14 17:08:33,838 [INFO] PluginManager:203 - loadIPPluginJar : add ipddr
2021-07-14 17:08:33,838 [INFO] IPUIPlugin:64 - create IPUIPlugin
2021-07-14 17:08:33,838 [INFO] PluginManager:203 - loadIPPluginJar : add lorawan
2021-07-14 17:08:33,838 [INFO] IPUIPlugin:64 - create IPUIPlugin
2021-07-14 17:08:33,838 [INFO] PluginManager:203 - loadIPPluginJar : add ltdc
2021-07-14 17:08:33,838 [INFO] IPUIPlugin:64 - create IPUIPlugin
2021-07-14 17:08:33,838 [INFO] PluginManager:203 - loadIPPluginJar : add mdma
2021-07-14 17:08:33,854 [INFO] IPUIPlugin:64 - create IPUIPlugin
2021-07-14 17:08:33,854 [INFO] PluginManager:203 - loadIPPluginJar : add nvic
2021-07-14 17:08:33,854 [INFO] IPUIPlugin:64 - create IPUIPlugin
2021-07-14 17:08:33,854 [INFO] PluginManager:203 - loadIPPluginJar : add opamp
2021-07-14 17:08:33,854 [INFO] IPUIPlugin:64 - create IPUIPlugin
2021-07-14 17:08:33,854 [INFO] PluginManager:203 - loadIPPluginJar : add openamp
2021-07-14 17:08:33,854 [INFO] IPUIPlugin:64 - create IPUIPlugin
2021-07-14 17:08:33,854 [INFO] PluginManager:203 - loadIPPluginJar : add pdm2pcm
2021-07-14 17:08:33,854 [INFO] IPUIPlugin:64 - create IPUIPlugin
2021-07-14 17:08:33,854 [INFO] PluginManager:203 - loadIPPluginJar : add plateformsettings
2021-07-14 17:08:33,870 [INFO] IPUIPlugin:64 - create IPUIPlugin
2021-07-14 17:08:33,870 [INFO] PluginManager:203 - loadIPPluginJar : add quadspi
2021-07-14 17:08:33,870 [INFO] IPUIPlugin:64 - create IPUIPlugin
2021-07-14 17:08:33,870 [INFO] PluginManager:203 - loadIPPluginJar : add resmgrutility
2021-07-14 17:08:33,870 [INFO] IPUIPlugin:64 - create IPUIPlugin
2021-07-14 17:08:33,870 [INFO] PluginManager:203 - loadIPPluginJar : add sai
2021-07-14 17:08:33,870 [INFO] IPUIPlugin:64 - create IPUIPlugin
2021-07-14 17:08:33,870 [INFO] PluginManager:203 - loadIPPluginJar : add spi
2021-07-14 17:08:33,870 [INFO] IPUIPlugin:64 - create IPUIPlugin
2021-07-14 17:08:33,870 [INFO] PluginManager:203 - loadIPPluginJar : add stm32_wpan
2021-07-14 17:08:33,870 [INFO] IPUIPlugin:64 - create IPUIPlugin
2021-07-14 17:08:33,870 [INFO] PluginManager:203 - loadIPPluginJar : add tim
2021-07-14 17:08:33,870 [INFO] IPUIPlugin:64 - create IPUIPlugin
2021-07-14 17:08:33,870 [INFO] PluginManager:203 - loadIPPluginJar : add touchsensing
2021-07-14 17:08:33,885 [INFO] IPUIPlugin:64 - create IPUIPlugin
2021-07-14 17:08:33,885 [INFO] PluginManager:203 - loadIPPluginJar : add tracer_emb
2021-07-14 17:08:33,885 [INFO] IPUIPlugin:64 - create IPUIPlugin
2021-07-14 17:08:33,885 [INFO] PluginManager:203 - loadIPPluginJar : add ts
2021-07-14 17:08:33,885 [INFO] IPUIPlugin:64 - create IPUIPlugin
2021-07-14 17:08:33,885 [INFO] PluginManager:203 - loadIPPluginJar : add tsc
2021-07-14 17:08:33,885 [INFO] IPUIPlugin:64 - create IPUIPlugin
2021-07-14 17:08:33,885 [INFO] PluginManager:203 - loadIPPluginJar : add ucpd
2021-07-14 17:08:33,885 [INFO] IPUIPlugin:64 - create IPUIPlugin
2021-07-14 17:08:33,885 [INFO] PluginManager:203 - loadIPPluginJar : add usart
2021-07-14 17:08:34,146 [FATAL] Updater:284 - Updater called before beeing initialized
2021-07-14 17:08:34,287 [FATAL] Updater:284 - Updater called before beeing initialized
2021-07-14 17:08:34,287 [INFO] DbMcusAds:132 - JSON generation date=Mon Jul 12 17:30:19 TRT 2021 (1626100219764)
2021-07-14 17:08:34,287 [FATAL] Updater:284 - Updater called before beeing initialized
2021-07-14 17:08:34,334 [WARN] DetailPanel:315 - Failed to get advertising image, set to default
2021-07-14 17:08:34,568 [FATAL] Updater:284 - Updater called before beeing initialized
2021-07-14 17:08:34,568 [FATAL] Updater:284 - Updater called before beeing initialized
2021-07-14 17:08:34,568 [FATAL] Updater:284 - Updater called before beeing initialized
2021-07-14 17:08:34,568 [WARN] DetailPanel:315 - Failed to get advertising image, set to default
2021-07-14 17:08:34,568 [FATAL] Updater:284 - Updater called before beeing initialized
2021-07-14 17:08:34,615 [FATAL] Updater:284 - Updater called before beeing initialized
2021-07-14 17:08:34,615 [WARN] ThirdParty:796 - waiting for thirdparty lock release [close project]
2021-07-14 17:08:36,381 [INFO] ThirdPartyUpdaterWithRetryManager:56 - Updater plugin not ready yet. [2/15]
2021-07-14 17:08:39,396 [FATAL] Updater:284 - Updater called before beeing initialized
2021-07-14 17:08:39,396 [ERROR] AbstractThirdPartyUpdaterManager:153 - class java.lang.Integer cannot be cast to class java.util.List (java.lang.Integer and java.util.List are in module java.base of loader 'bootstrap')
2021-07-14 17:08:39,396 [INFO] ThirdParty:900 - Integrity check success = false
2021-07-14 17:08:39,396 [INFO] IntegrityCheckThread:75 - exiting critical section [integrity check]
2021-07-14 17:08:39,396 [INFO] IntegrityCheckThread:78 - End integrity checks thread
2021-07-14 17:08:39,396 [INFO] ThirdParty:798 - entering critical section [close project]
2021-07-14 17:08:39,396 [INFO] ThirdParty:809 - exiting critical section [close project]
2021-07-14 17:08:39,396 [INFO] PinOutPanel:1435 - setPackage(No Configuration,No Configuration)
2021-07-14 17:08:39,396 [FATAL] Updater:284 - Updater called before beeing initialized
2021-07-14 17:08:39,396 [ERROR] Updater:1065 - MainUpdater not yet initialized. External WinMGr cannot be set.
2021-07-14 17:08:39,396 [INFO] Updater:1002 - Updater Version found : 6.2.1
2021-07-14 17:08:39,411 [INFO] ApplicationProperties:181 - Using Application install path: D:\St\STM32CubeIDE_1.5.1\STM32CubeIDE\plugins\com.st.stm32cube.common.mx_6.2.1.202103241236
2021-07-14 17:08:39,520 [INFO] MainUpdater:2661 - connection check result : 10
2021-07-14 17:08:39,520 [INFO] MainUpdater:255 - Updater Check For Update Now.
2021-07-14 17:08:39,520 [INFO] MicroXplorer:472 - Change Database Version : DB.6.0.21
2021-07-14 17:08:39,567 [INFO] CheckServerUpdateThread:102 - End of CheckServer Thread
2021-07-14 17:08:39,646 [INFO] MainUpdater:2661 - connection check result : 10
2021-07-14 17:08:39,973 [INFO] CrossSelectorPresenter:1330 - Cross Selector saved comparison directory: C:\Users\enes_\.stmcufinder\plugins\mcufinder\mcu\cs_comparisons_mx
2021-07-14 17:08:39,973 [INFO] MultiScanPanel:200 - Auto-refresh data requested => check proxy status ongoing
2021-07-14 17:08:39,973 [INFO] FinderPluginLoader:87 - Searching for filters in installed packs
2021-07-14 17:08:39,973 [INFO] DbMcusXml:100 - Load MCU database from D:\St\STM32CubeIDE_1.5.1\STM32CubeIDE\plugins\com.st.stm32cube.common.mx_6.2.1.202103241236\\db\/mcu/families.xml
2021-07-14 17:08:40,895 [INFO] DbMcusJson:94 - JSON generation date=Mon Jun 07 11:53:21 TRT 2021 (1623056001)
2021-07-14 17:08:41,566 [INFO] DbMcus:175 - Found 1906 MCUs (1866 are supported by CubeMX, 1866 are visible in CubeMX)
2021-07-14 17:08:41,566 [INFO] ApiDb:251 - Load user favorites file C:\Users\enes_/.stm32cubeide/favorites.mcus.txt: 1 item(s)
2021-07-14 17:08:41,566 [INFO] ApiDb:255 - User favorites MCUs=[STM32F100C8Tx]
2021-07-14 17:08:41,566 [INFO] DbMcus:187 - Set 1 / 1 favorites MCUs
2021-07-14 17:08:42,077 [WARN] DetailPanel:315 - Failed to get advertising image, set to default
2021-07-14 17:08:42,452 [INFO] DbBoardsPdsc:90 - Found 24 items
2021-07-14 17:08:42,452 [INFO] DbBoardsPdsc:90 - Found 9 items
2021-07-14 17:08:42,468 [INFO] DbBoardsPdsc:90 - Found 33 items
2021-07-14 17:08:42,468 [INFO] DbBoardsPdsc:90 - Found 1 items
2021-07-14 17:08:42,468 [INFO] DbBoardsPdsc:90 - Found 46 items
2021-07-14 17:08:42,468 [INFO] DbBoardsPdsc:90 - Found 41 items
2021-07-14 17:08:42,468 [INFO] DbBoardsPdsc:90 - Found 2 items
2021-07-14 17:08:42,484 [INFO] DbBoardsPdsc:90 - Found 5 items
2021-07-14 17:08:42,484 [WARN] DbBoardsPdsc:254 - Board NUCLEO-WB15CC: unknown feature type=, name=, username=Three user LEDs, n=1
2021-07-14 17:08:42,484 [WARN] DbBoardsPdsc:254 - Board NUCLEO-WB15CC: unknown feature type=, name=, username=One reset and three user push-buttons, n=1
2021-07-14 17:08:42,484 [WARN] DbBoardsPdsc:254 - Board NUCLEO-WB15CC: unknown feature type=, name=, username=Arduino Uno V3 expansion connector, n=1
2021-07-14 17:08:42,484 [WARN] DbBoardsPdsc:254 - Board NUCLEO-WB15CC: unknown feature type=, name=, username=ST morpho extension pin headers for full access to all STM32WB I/Os, n=1
2021-07-14 17:08:42,484 [WARN] DbBoardsPdsc:254 - Board NUCLEO-WB15CC: unknown feature type=, name=, username=Integrated PCB antenna and SMA connector footprint, n=1
2021-07-14 17:08:42,484 [WARN] DbBoardsPdsc:254 - Board NUCLEO-WB15CC: unknown feature type=, name=, username=Flexible power-supply options: ST-LINK, USB VBUS, or external sources, n=1
2021-07-14 17:08:42,484 [WARN] DbBoardsPdsc:254 - Board NUCLEO-WB15CC: unknown feature type=, name=, username=On-board footprint to mount a CR2032 battery socket, n=1
2021-07-14 17:08:42,484 [WARN] DbBoardsPdsc:254 - Board NUCLEO-WB15CC: unknown feature type=, name=, username=On-board ST-LINK/V2-1 debugger/programmer with USB re-enumeration capability: mass storage, Virtual COM port, and debug port, n=1
2021-07-14 17:08:42,484 [WARN] DbBoardsPdsc:254 - Board NUCLEO-WB15CC: unknown feature type=, name=, username=Comprehensive free software libraries and examples available with the STM32CubeWB MCU Package, n=1
2021-07-14 17:08:42,484 [WARN] DbBoardsPdsc:254 - Board NUCLEO-WB15CC: unknown feature type=, name=, username=Support of a wide choice of Integrated Development Environments (IDEs) including IAR Embedded Workbench, MDK-ARM, STM32CubeIDE, and Mbed Studio, n=1
2021-07-14 17:08:42,484 [WARN] DbBoardsPdsc:254 - Board STM32H7B3I-DK: unknown feature type=Audio, name=, username=Audio stereo codec with Headphone Amp (CS42L51-CNZ), n=1
2021-07-14 17:08:42,484 [WARN] DbBoardsPdsc:254 - Board STM32H735G-DK: unknown feature type=Audio, name=, username=Audio stereo codec with Headphone Amp (WM8994ECS/R), n=1
2021-07-14 17:08:42,484 [WARN] DbBoardsPdsc:254 - Board STM32WB5MM-DK: unknown feature type=, name=, username=Time-of-Flight and gesture-detection sensor, n=1
2021-07-14 17:08:42,484 [WARN] DbBoardsPdsc:254 - Board STM32WB5MM-DK: unknown feature type=, name=, username=3 push-buttons (2 users and 1 reset) and 1 touch key button, n=1
2021-07-14 17:08:42,484 [WARN] DbBoardsPdsc:254 - Board STM32WB5MM-DK: unknown feature type=, name=, username=Flexible power-supply options: ST-LINK/V2-1 USB connector, 5 V delivered by ARDUINO® or external connector, USB charger, or USB power, n=1
2021-07-14 17:08:42,484 [WARN] DbBoardsPdsc:254 - Board STM32WB5MM-DK: unknown feature type=, name=, username=On-board ST-LINK/V2-1 debugger/programmer with USB re-enumeration capability: Virtual COM port and debug port, n=1
2021-07-14 17:08:42,484 [WARN] DbBoardsPdsc:254 - Board STM32WB5MM-DK: unknown feature type=, name=, username=Comprehensive free software libraries and examples available with the STM32CubeWB MCU Package, n=1
2021-07-14 17:08:42,484 [WARN] DbBoardsPdsc:254 - Board STM32WB5MM-DK: unknown feature type=, name=, username=Support of a wide choice of Integrated Development Environments (IDEs) including IAR Embedded Workbench®, MDK-ARM, and STM32CubeIDE, n=1
2021-07-14 17:08:42,484 [WARN] DbBoardsPdsc:254 - Board STM32H7B3I-EVAL: unknown feature type=Audio, name=, username=Multi-Channel Audio Codec (CS42L51-CNZ), n=1
2021-07-14 17:08:42,484 [WARN] DbBoardsPdsc:254 - Board STM32H7B3I-EVAL: unknown feature type=Meter, name=, username=Power-metering and Temperature-monitoring with sigma-delta modulators, n=1
2021-07-14 17:08:42,484 [WARN] DbBoardsPdsc:254 - Board STM32H7B3I-EVAL: unknown feature type=Motor, name=, username=Motor Control, n=1
2021-07-14 17:08:42,515 [INFO] DbBoardsJson:87 - JSON generation date=Tue Jun 01 08:52:40 TRT 2021 (1622526760)
2021-07-14 17:08:42,530 [INFO] DbBoards:117 - Found 161 boards (158 are supported by CubeMX)
2021-07-14 17:08:42,546 [INFO] DbBoardsDocs:143 - JSON generation date=Tue Jun 01 08:52:40 TRT 2021 (1622526760)
2021-07-14 17:08:42,593 [INFO] DbBoardsDocs:79 - Found 193 boards documents
2021-07-14 17:08:42,593 [WARN] DbBoards:127 - board B-L462E-CELL1 has no document id list !
2021-07-14 17:08:42,593 [WARN] DbBoards:127 - board B-L475E-IOT01A2 has no document id list !
2021-07-14 17:08:42,593 [WARN] DbBoards:127 - board NUCLEO-G0B1RE has no document id list !
2021-07-14 17:08:42,593 [WARN] DbBoards:127 - board NUCLEO-H743ZI has no document id list !
2021-07-14 17:08:42,593 [WARN] DbBoards:127 - board NUCLEO-L4A6ZG has no document id list !
2021-07-14 17:08:42,593 [WARN] DbBoards:127 - board NUCLEO-WB15CC has no document id list !
2021-07-14 17:08:42,593 [WARN] DbBoards:127 - board NUCLEO-WB55RG has no document id list !
2021-07-14 17:08:42,593 [WARN] DbBoards:127 - board NUCLEO-WL55JC2 has no document id list !
2021-07-14 17:08:42,593 [WARN] DbBoards:127 - board P-NUCLEO-WB55-Nucleo has no document id list !
2021-07-14 17:08:42,593 [WARN] DbBoards:127 - board P-NUCLEO-WB55-USBDongle has no document id list !
2021-07-14 17:08:42,593 [WARN] DbBoards:127 - board STEVAL-BFA001V1B has no document id list !
2021-07-14 17:08:42,593 [WARN] DbBoards:127 - board STEVAL-BFA001V2B has no document id list !
2021-07-14 17:08:42,593 [WARN] DbBoards:127 - board STEVAL-IDP005V1 has no document id list !
2021-07-14 17:08:42,593 [WARN] DbBoards:127 - board STEVAL-IDP005V2 has no document id list !
2021-07-14 17:08:42,593 [WARN] DbBoards:127 - board STEVAL-MKSBOX1V1 has no document id list !
2021-07-14 17:08:42,593 [WARN] DbBoards:127 - board STEVAL-STWINKT1 has no document id list !
2021-07-14 17:08:42,593 [WARN] DbBoards:127 - board STEVAL-STWINKT1B has no document id list !
2021-07-14 17:08:42,593 [WARN] DbBoards:127 - board STM32F401C-DISCO has no document id list !
2021-07-14 17:08:42,593 [WARN] DbBoards:127 - board STM32F769I-DISC1 has no document id list !
2021-07-14 17:08:42,593 [WARN] DbBoards:127 - board STM32G0C1E-EV has no document id list !
2021-07-14 17:08:42,593 [WARN] DbBoards:127 - board STM32G474E-EVAL1 has no document id list !
2021-07-14 17:08:42,593 [WARN] DbBoards:127 - board STM32H743I-EVAL2 has no document id list !
2021-07-14 17:08:42,593 [WARN] DbBoards:127 - board STM32H747I-DISC1 has no document id list !
2021-07-14 17:08:42,593 [WARN] DbBoards:127 - board STM32H753I-EVAL2 has no document id list !
2021-07-14 17:08:42,593 [WARN] DbBoards:127 - board STM32L-DISCOVERY has no document id list !
2021-07-14 17:08:42,593 [WARN] DbBoards:127 - board STM32MP157A-DK1 has no document id list !
2021-07-14 17:08:42,593 [WARN] DbBoards:127 - board STM32MP157F-DK2 has no document id list !
2021-07-14 17:08:42,593 [WARN] DbBoards:127 - board STM32MP157F-EV1 has no document id list !
2021-07-14 17:08:42,593 [WARN] DbBoards:127 - board STM32WB5MM-DK has no document id list !
2021-07-14 17:08:44,218 [INFO] ApiDb:251 - Load user favorites file C:\Users\enes_/.stm32cubeide/favorites.boards.txt: 1 item(s)
2021-07-14 17:08:44,218 [INFO] ApiDb:255 - User favorites Boards=[NUCLEO-F303RE]
2021-07-14 17:08:44,218 [INFO] DbBoards:206 - Set 1 / 1 favorites Boards
2021-07-14 17:08:46,873 [INFO] ApiDb:276 - Save user favorites file C:\Users\enes_/.stm32cubeide/favorites.mcus.txt: 1 item(s)
2021-07-14 17:08:46,873 [INFO] ApiDb:280 - User favorites MCUs=[STM32F100C8Tx]
2021-07-14 17:09:06,931 [ERROR] LogOutputStream:74 - [STDERR_REDIRECT] Managed Build system manifest file error: Could not load icon "icons/chip.png".
2021-07-14 17:09:06,931 [ERROR] LogOutputStream:74 - [STDERR_REDIRECT] Managed Build system manifest file error: Could not load icon "icons/chip.png".
2021-07-14 17:09:06,931 [ERROR] LogOutputStream:74 - [STDERR_REDIRECT] Managed Build system manifest file error: Could not load icon "icons/chip.png".
2021-07-14 17:10:26,380 [INFO] MainUpdater:2661 - connection check result : 10
2021-07-14 17:10:26,380 [INFO] MainUpdater:2661 - connection check result : 10
2021-07-14 17:10:26,411 [INFO] MicroXplorer:442 - Change Database Path : 
2021-07-14 17:10:26,411 [INFO] MicroXplorer:472 - Change Database Version : DB.6.0.21
2021-07-14 17:10:26,411 [WARN] ThirdParty:796 - waiting for thirdparty lock release [close project]
2021-07-14 17:10:26,411 [INFO] ThirdParty:798 - entering critical section [close project]
2021-07-14 17:10:26,411 [INFO] ThirdParty:809 - exiting critical section [close project]
2021-07-14 17:10:26,411 [INFO] PinOutPanel:1435 - setPackage(No Configuration,No Configuration)
2021-07-14 17:10:26,411 [INFO] UtilMem:74 - Begin LoadConfig() Used Memory: 520701728 Bytes (643825664)
2021-07-14 17:10:26,427 [INFO] MicroXplorer:442 - Change Database Path : 
2021-07-14 17:10:26,427 [INFO] MicroXplorer:472 - Change Database Version : DB.6.0.21
2021-07-14 17:10:26,427 [INFO] OpenFileManager:303 - Change cursor
2021-07-14 17:10:26,427 [WARN] IntegrityCheckThread:59 - waiting for thirdparty lock release [integrity check]
2021-07-14 17:10:26,427 [INFO] IntegrityCheckThread:61 - entering critical section [integrity check]
2021-07-14 17:10:26,520 [WARN] PackLoader:226 - Cannot read IP mode file for RoweBots.I-CUBE-UNISONRTOS.5.5.0-4
2021-07-14 17:10:26,536 [WARN] PackLoader:226 - Cannot read IP mode file for STMicroelectronics.X-CUBE-SFXS2LP1.3.0.0
2021-07-14 17:10:26,552 [WARN] ConditionMgr:437 - getConditionDescription Invalid condition id : SIGFOX STM32 LIB Condition cause : null
2021-07-14 17:10:26,552 [WARN] ConditionMgr:437 - getConditionDescription Invalid condition id : Sigfox Third Party LIB Condition cause : null
2021-07-14 17:10:26,552 [WARN] PackLoader:226 - Cannot read IP mode file for STMicroelectronics.X-CUBE-SFXS2LP1.2.0.0
2021-07-14 17:10:26,552 [WARN] ConditionMgr:1040 - genDependencies : Invalid condition id : SIGFOX STM32 LIB Condition cause : null
2021-07-14 17:10:26,552 [WARN] ConditionMgr:1040 - genDependencies : Invalid condition id : Sigfox Third Party LIB Condition cause : null
2021-07-14 17:10:26,552 [WARN] ConditionMgr:1040 - genDependencies : Invalid condition id : Sigfox Third Party LIB Condition cause : null
2021-07-14 17:10:26,552 [WARN] ConditionMgr:1040 - genDependencies : Invalid condition id : SIGFOX STM32 LIB Condition cause : null
2021-07-14 17:10:26,552 [WARN] ConditionMgr:1040 - genDependencies : Invalid condition id : SIGFOX STM32 LIB Condition cause : null
2021-07-14 17:10:26,552 [WARN] ConditionMgr:1040 - genDependencies : Invalid condition id : Sigfox Third Party LIB Condition cause : null
2021-07-14 17:10:26,567 [WARN] PackLoader:226 - Cannot read IP mode file for STMicroelectronics.X-CUBE-SUBG2.4.1.0
2021-07-14 17:10:26,645 [WARN] PackLoader:226 - Cannot read IP mode file for STMicroelectronics.X-CUBE-MEMS1.8.2.0
2021-07-14 17:10:26,817 [WARN] PackLoader:226 - Cannot read IP mode file for STMicroelectronics.X-CUBE-EEPRMA1.3.0.0
2021-07-14 17:10:26,817 [WARN] PackLoader:226 - Cannot read IP mode file for STMicroelectronics.X-CUBE-ALGOBUILD.1.1.0
2021-07-14 17:10:26,880 [WARN] PackLoader:226 - Cannot read IP mode file for SEGGER.I-CUBE-embOS.1.2.0
2021-07-14 17:10:26,926 [WARN] PackLoader:226 - Cannot read IP mode file for STMicroelectronics.X-CUBE-GNSS1.5.1.0
2021-07-14 17:10:26,942 [WARN] PackLoader:226 - Cannot read IP mode file for STMicroelectronics.X-CUBE-BLE1.6.2.0
2021-07-14 17:10:26,942 [WARN] PackLoader:226 - Cannot read IP mode file for STMicroelectronics.X-CUBE-NFC4.2.0.2
2021-07-14 17:10:26,942 [WARN] PackLoader:226 - Cannot read IP mode file for STMicroelectronics.X-CUBE-TOUCHGFX.4.17.0
2021-07-14 17:10:26,942 [WARN] PackLoader:226 - Cannot read IP mode file for STMicroelectronics.X-CUBE-NFC4.2.0.1
2021-07-14 17:10:26,973 [WARN] PackLoader:226 - Cannot read IP mode file for STMicroelectronics.X-CUBE-BLE2.3.2.0
2021-07-14 17:10:26,973 [WARN] PackLoader:226 - Cannot read IP mode file for STMicroelectronics.X-CUBE-SUBG2.3.0.1
2021-07-14 17:10:26,989 [WARN] PackLoader:226 - Cannot read IP mode file for STMicroelectronics.X-CUBE-SUBG2.4.0.0
2021-07-14 17:10:26,989 [WARN] PackLoader:226 - Cannot read IP mode file for STMicroelectronics.X-CUBE-TOF1.1.0.0
2021-07-14 17:10:27,020 [WARN] PackLoader:226 - Cannot read IP mode file for STMicroelectronics.X-CUBE-AZRTOS-H7.1.0.0
2021-07-14 17:10:27,067 [WARN] PackLoader:226 - Cannot read IP mode file for STMicroelectronics.X-CUBE-MEMS1.8.3.0
2021-07-14 17:10:27,208 [WARN] PackLoader:226 - Cannot read IP mode file for STMicroelectronics.X-CUBE-DISPLAY.1.0.0
2021-07-14 17:10:27,223 [WARN] PackLoader:226 - Cannot read IP mode file for STMicroelectronics.X-CUBE-AI.6.0.0
2021-07-14 17:10:27,223 [WARN] PackLoader:226 - Cannot read IP mode file for STMicroelectronics.X-CUBE-ALGOBUILD.1.2.0
2021-07-14 17:10:27,223 [WARN] PackLoader:226 - Cannot read IP mode file for STMicroelectronics.X-CUBE-GNSS1.5.2.0
2021-07-14 17:10:27,223 [WARN] PackLoader:226 - Cannot read IP mode file for STMicroelectronics.X-CUBE-BLE1.6.1.0
2021-07-14 17:10:27,223 [WARN] PackLoader:226 - Cannot read IP mode file for wolfSSL.I-CUBE-wolfSSL.4.7.0
2021-07-14 17:10:27,239 [WARN] PackLoader:226 - Cannot read IP mode file for STMicroelectronics.X-CUBE-TOUCHGFX.4.16.1
2021-07-14 17:10:27,239 [WARN] PackLoader:226 - Cannot read IP mode file for STMicroelectronics.X-CUBE-AI.5.2.0
2021-07-14 17:10:27,239 [WARN] PackLoader:226 - Cannot read IP mode file for STMicroelectronics.X-CUBE-TOUCHGFX.4.16.0
2021-07-14 17:10:27,239 [WARN] PackLoader:226 - Cannot read IP mode file for STMicroelectronics.X-CUBE-BLE2.3.1.0
2021-07-14 17:10:27,239 [INFO] ThirdParty:900 - Integrity check success = true
2021-07-14 17:10:27,239 [INFO] IntegrityCheckThread:75 - exiting critical section [integrity check]
2021-07-14 17:10:27,239 [INFO] IntegrityCheckThread:78 - End integrity checks thread
2021-07-14 17:10:29,348 [INFO] Context:587 - Trying to add GPIOservice into a context  which must be forbidden
2021-07-14 17:10:30,066 [WARN] ApiManager:294 - Cannot register API 'Board Extension:S2868A1' from pack STMicroelectronics.X-CUBE-SFXS2LP1.3.0.0: no header file found
2021-07-14 17:10:30,066 [WARN] ApiManager:294 - Cannot register API 'Board Extension:S2868A2' from pack STMicroelectronics.X-CUBE-SFXS2LP1.3.0.0: no header file found
2021-07-14 17:10:30,066 [WARN] ApiManager:294 - Cannot register API 'Board Extension:S2915A1' from pack STMicroelectronics.X-CUBE-SFXS2LP1.3.0.0: no header file found
2021-07-14 17:10:30,082 [WARN] ApiManager:294 - Cannot register API 'Board Extension:S2868A1' from pack STMicroelectronics.X-CUBE-SUBG2.3.0.1: no header file found
2021-07-14 17:10:30,082 [WARN] ApiManager:294 - Cannot register API 'Board Extension:S2868A2' from pack STMicroelectronics.X-CUBE-SUBG2.3.0.1: no header file found
2021-07-14 17:10:30,082 [WARN] ApiManager:294 - Cannot register API 'Board Extension:S2915A1' from pack STMicroelectronics.X-CUBE-SUBG2.3.0.1: no header file found
2021-07-14 17:10:30,082 [WARN] ModelIntegratedComponent:51 - No mode defined for component null
2021-07-14 17:10:30,082 [WARN] ModelIntegratedComponent:51 - No mode defined for component null
2021-07-14 17:10:30,082 [WARN] ModelIntegratedComponent:51 - No mode defined for component null
2021-07-14 17:10:30,082 [WARN] ModelIntegratedComponent:51 - No mode defined for component null
2021-07-14 17:10:30,082 [WARN] ModelIntegratedComponent:51 - No mode defined for component null
2021-07-14 17:10:30,082 [WARN] ModelIntegratedComponent:51 - No mode defined for component null
2021-07-14 17:10:30,082 [WARN] ModelIntegratedComponent:51 - No mode defined for component null
2021-07-14 17:10:30,082 [WARN] ModelIntegratedComponent:51 - No mode defined for component null
2021-07-14 17:10:30,082 [WARN] ModelIntegratedComponent:51 - No mode defined for component null
2021-07-14 17:10:30,082 [WARN] ModelIntegratedComponent:51 - No mode defined for component null
2021-07-14 17:10:30,082 [WARN] ModelIntegratedComponent:51 - No mode defined for component null
2021-07-14 17:10:30,082 [WARN] ModelIntegratedComponent:51 - No mode defined for component null
2021-07-14 17:10:30,082 [WARN] ModelIntegratedComponent:51 - No mode defined for component null
2021-07-14 17:10:30,082 [WARN] ModelIntegratedComponent:51 - No mode defined for component null
2021-07-14 17:10:30,082 [WARN] ModelIntegratedComponent:51 - No mode defined for component null
2021-07-14 17:10:30,082 [WARN] ModelIntegratedComponent:51 - No mode defined for component null
2021-07-14 17:10:30,082 [WARN] ModelIntegratedComponent:51 - No mode defined for component null
2021-07-14 17:10:30,082 [WARN] ModelIntegratedComponent:51 - No mode defined for component null
2021-07-14 17:10:30,082 [WARN] ModelIntegratedComponent:51 - No mode defined for component null
2021-07-14 17:10:30,082 [WARN] ModelIntegratedComponent:51 - No mode defined for component null
2021-07-14 17:10:30,082 [WARN] ModelIntegratedComponent:51 - No mode defined for component null
2021-07-14 17:10:30,082 [WARN] ModelIntegratedComponent:51 - No mode defined for component null
2021-07-14 17:10:30,082 [WARN] ModelIntegratedComponent:51 - No mode defined for component null
2021-07-14 17:10:30,082 [WARN] ModelIntegratedComponent:51 - No mode defined for component null
2021-07-14 17:10:30,082 [WARN] ModelIntegratedComponent:51 - No mode defined for component null
2021-07-14 17:10:30,082 [WARN] ModelIntegratedComponent:51 - No mode defined for component null
2021-07-14 17:10:30,082 [WARN] ModelIntegratedComponent:51 - No mode defined for component null
2021-07-14 17:10:30,082 [WARN] ApiManager:294 - Cannot register API 'Board Extension:S2868A1' from pack STMicroelectronics.X-CUBE-SFXS2LP1.2.0.0: no header file found
2021-07-14 17:10:30,082 [WARN] ApiManager:294 - Cannot register API 'Board Extension:S2868A2' from pack STMicroelectronics.X-CUBE-SFXS2LP1.2.0.0: no header file found
2021-07-14 17:10:30,082 [WARN] ApiManager:294 - Cannot register API 'Board Extension:S2915A1' from pack STMicroelectronics.X-CUBE-SFXS2LP1.2.0.0: no header file found
2021-07-14 17:10:30,098 [WARN] ApiManager:294 - Cannot register API 'Board Extension:S2868A1' from pack STMicroelectronics.X-CUBE-SUBG2.4.1.0: no header file found
2021-07-14 17:10:30,098 [WARN] ApiManager:294 - Cannot register API 'Board Extension:S2868A2' from pack STMicroelectronics.X-CUBE-SUBG2.4.1.0: no header file found
2021-07-14 17:10:30,098 [WARN] ApiManager:294 - Cannot register API 'Board Extension:S2915A1' from pack STMicroelectronics.X-CUBE-SUBG2.4.1.0: no header file found
2021-07-14 17:10:30,098 [WARN] ApiManager:294 - Cannot register API 'Board Extension:S2868A1' from pack STMicroelectronics.X-CUBE-SUBG2.4.0.0: no header file found
2021-07-14 17:10:30,098 [WARN] ApiManager:294 - Cannot register API 'Board Extension:S2868A2' from pack STMicroelectronics.X-CUBE-SUBG2.4.0.0: no header file found
2021-07-14 17:10:30,098 [WARN] ApiManager:294 - Cannot register API 'Board Extension:S2915A1' from pack STMicroelectronics.X-CUBE-SUBG2.4.0.0: no header file found
2021-07-14 17:10:30,285 [WARN] ApiManager:294 - Cannot register API 'Board Extension:IKS01A3' from pack STMicroelectronics.X-CUBE-MEMS1.8.2.0: no header file found
2021-07-14 17:10:30,285 [WARN] ApiManager:294 - Cannot register API 'Board Extension:IKS01A2' from pack STMicroelectronics.X-CUBE-MEMS1.8.2.0: no header file found
2021-07-14 17:10:30,285 [WARN] ApiManager:294 - Cannot register API 'Board Extension:IKS02A1' from pack STMicroelectronics.X-CUBE-MEMS1.8.2.0: no header file found
2021-07-14 17:10:30,301 [WARN] ApiManager:294 - Cannot register API 'Board Extension:EEPRMA1' from pack STMicroelectronics.X-CUBE-EEPRMA1.3.0.0: no header file found
2021-07-14 17:10:30,301 [WARN] ApiManager:294 - Cannot register API 'Board Extension:EEPRMA2' from pack STMicroelectronics.X-CUBE-EEPRMA1.3.0.0: no header file found
2021-07-14 17:10:30,472 [WARN] ApiManager:294 - Cannot register API 'Board Extension:IKS01A3' from pack STMicroelectronics.X-CUBE-MEMS1.8.3.0: no header file found
2021-07-14 17:10:30,472 [WARN] ApiManager:294 - Cannot register API 'Board Extension:IKS01A2' from pack STMicroelectronics.X-CUBE-MEMS1.8.3.0: no header file found
2021-07-14 17:10:30,472 [WARN] ApiManager:294 - Cannot register API 'Board Extension:IKS02A1' from pack STMicroelectronics.X-CUBE-MEMS1.8.3.0: no header file found
2021-07-14 17:10:30,472 [INFO] RtosManager:470 - Registered RTOS mode: class=CMSIS, group=RTOS, mode=CMSIS_V1, owner=FREERTOS
2021-07-14 17:10:30,472 [INFO] RtosManager:470 - Registered RTOS mode: class=CMSIS, group=RTOS2, mode=CMSIS_V2, owner=FREERTOS
2021-07-14 17:10:30,472 [INFO] RtosManager:470 - Registered RTOS mode: class=RTOS, group=Core, mode=CMSIS_V1, owner=FREERTOS
2021-07-14 17:10:30,472 [INFO] RtosManager:470 - Registered RTOS mode: class=RTOS, group=Core, mode=CMSIS_V2, owner=FREERTOS
2021-07-14 17:10:30,472 [WARN] ModelIntegratedComponent:182 - Missing modes for component STMicroelectronics:FreeRTOS:0.0.1:STMicroelectronics:RTOS:FreeRTOS:Core:::10.2.0:
2021-07-14 17:10:30,488 [WARN] ApiManager:294 - Cannot register API 'Board Extension:GNSS1A1' from pack STMicroelectronics.X-CUBE-GNSS1.5.1.0: no header file found
2021-07-14 17:10:30,488 [WARN] ApiManager:294 - Cannot register API 'Board Support:Custom' from pack STMicroelectronics.X-CUBE-GNSS1.5.1.0: no header file found
2021-07-14 17:10:30,488 [WARN] ApiManager:294 - Cannot register API 'Data Exchange:lib_gnss' from pack STMicroelectronics.X-CUBE-GNSS1.5.1.0: no header file found
2021-07-14 17:10:30,488 [WARN] ApiManager:294 - Cannot register API 'Board Extension:GNSS1A1' from pack STMicroelectronics.X-CUBE-GNSS1.5.2.0: no header file found
2021-07-14 17:10:30,488 [WARN] ApiManager:294 - Cannot register API 'Board Support:Custom' from pack STMicroelectronics.X-CUBE-GNSS1.5.2.0: no header file found
2021-07-14 17:10:30,488 [WARN] ApiManager:294 - Cannot register API 'Data Exchange:lib_gnss' from pack STMicroelectronics.X-CUBE-GNSS1.5.2.0: no header file found
2021-07-14 17:10:30,488 [WARN] ApiManager:294 - Cannot register API 'Wireless:BlueNRG-MS' from pack STMicroelectronics.X-CUBE-BLE1.6.1.0: no header file found
2021-07-14 17:10:30,488 [WARN] ApiManager:294 - Cannot register API 'Wireless:BlueNRG-MS' from pack STMicroelectronics.X-CUBE-BLE1.6.2.0: no header file found
2021-07-14 17:10:30,488 [WARN] ApiManager:294 - Cannot register API 'Board Extension:NFC04A1' from pack STMicroelectronics.X-CUBE-NFC4.2.0.2: no header file found
2021-07-14 17:10:30,488 [WARN] ApiManager:294 - Cannot register API 'Board Extension:NFC04A1' from pack STMicroelectronics.X-CUBE-NFC4.2.0.1: no header file found
2021-07-14 17:10:30,488 [WARN] ApiManager:294 - Cannot register API 'Wireless:BlueNRG-2' from pack STMicroelectronics.X-CUBE-BLE2.3.1.0: no header file found
2021-07-14 17:10:30,488 [WARN] ApiManager:294 - Cannot register API 'Wireless:BlueNRG-2' from pack STMicroelectronics.X-CUBE-BLE2.3.2.0: no header file found
2021-07-14 17:10:31,816 [INFO] ImportTextPane:162 - (OptionalMessage_ERROR) IP (RCC) : Invalid parameter (FamilyName)
2021-07-14 17:10:31,832 [INFO] ImportTextPane:162 - (OptionalMessage_ERROR) IP (RCC) : Invalid parameter (PLLM)
2021-07-14 17:10:31,832 [INFO] ImportTextPane:162 - (OptionalMessage_ERROR) IP (RCC) : Invalid parameter (PLLN)
2021-07-14 17:10:31,832 [INFO] ImportTextPane:162 - (OptionalMessage_ERROR) IP (RCC) : Invalid parameter (PLLP)
2021-07-14 17:10:31,832 [INFO] ImportTextPane:162 - (OptionalMessage_ERROR) IP (RCC) : Invalid parameter (PLLQ)
2021-07-14 17:10:31,832 [INFO] ImportTextPane:162 - (OptionalMessage_ERROR) IP (RCC) : Invalid parameter (RCC_PLLsource_Clock_Source_FROM_HSE)
2021-07-14 17:10:31,832 [INFO] ImportTextPane:162 - (OptionalMessage_ERROR) IP (RCC) : Parameter (USBFreq_Value) has invalid value (72000000)
2021-07-14 17:10:32,160 [INFO] UtilMem:74 - End LoadConfig() Used Memory: 589565616 Bytes (695205888)
2021-07-14 17:10:32,160 [WARN] ThirdParty:762 - waiting for thirdparty lock release [change project]
2021-07-14 17:10:32,160 [INFO] ThirdParty:764 - entering critical section [change project]
2021-07-14 17:10:32,160 [INFO] ThirdParty:952 - CMSIS Pack Vendor :RoweBots I-CUBE-UNISONRTOS 5.5.0-4
2021-07-14 17:10:32,160 [INFO] ThirdParty:952 - CMSIS Pack Vendor :STMicroelectronics X-CUBE-SFXS2LP1 3.0.0
2021-07-14 17:10:32,160 [INFO] ThirdParty:952 - CMSIS Pack Vendor :STMicroelectronics USB_HOST 2.0.0
2021-07-14 17:10:32,160 [INFO] ThirdParty:952 - CMSIS Pack Vendor :STMicroelectronics X-CUBE-SUBG2 3.0.1
2021-07-14 17:10:32,160 [INFO] ThirdParty:952 - CMSIS Pack Vendor :STMicroelectronics USB_DEVICE 3.0.0
2021-07-14 17:10:32,160 [INFO] ThirdParty:952 - CMSIS Pack Vendor :STMicroelectronics HAL Drivers 0.0.0
2021-07-14 17:10:32,160 [INFO] ThirdParty:952 - CMSIS Pack Vendor :STMicroelectronics MBEDTLS 2.16.2
2021-07-14 17:10:32,160 [INFO] ThirdParty:952 - CMSIS Pack Vendor :STMicroelectronics X-CUBE-SFXS2LP1 2.0.0
2021-07-14 17:10:32,160 [INFO] ThirdParty:952 - CMSIS Pack Vendor :STMicroelectronics MBEDTLS 2.14.1
2021-07-14 17:10:32,160 [INFO] ThirdParty:952 - CMSIS Pack Vendor :STMicroelectronics X-CUBE-SUBG2 4.1.0
2021-07-14 17:10:32,160 [INFO] ThirdParty:952 - CMSIS Pack Vendor :STMicroelectronics X-CUBE-SUBG2 4.0.0
2021-07-14 17:10:32,160 [INFO] ThirdParty:952 - CMSIS Pack Vendor :STMicroelectronics X-CUBE-TOF1 1.0.0
2021-07-14 17:10:32,160 [INFO] ThirdParty:952 - CMSIS Pack Vendor :STMicroelectronics X-CUBE-AZRTOS-H7 1.0.0
2021-07-14 17:10:32,160 [INFO] ThirdParty:952 - CMSIS Pack Vendor :STMicroelectronics USB_DEVICE 2.0.0
2021-07-14 17:10:32,160 [INFO] ThirdParty:952 - CMSIS Pack Vendor :STMicroelectronics X-CUBE-MEMS1 8.2.0
2021-07-14 17:10:32,160 [INFO] ThirdParty:952 - CMSIS Pack Vendor :STMicroelectronics X-CUBE-EEPRMA1 3.0.0
2021-07-14 17:10:32,160 [INFO] ThirdParty:952 - CMSIS Pack Vendor :STMicroelectronics X-CUBE-MEMS1 8.3.0
2021-07-14 17:10:32,160 [INFO] ThirdParty:952 - CMSIS Pack Vendor :STMicroelectronics X-CUBE-DISPLAY 1.0.0
2021-07-14 17:10:32,160 [INFO] ThirdParty:952 - CMSIS Pack Vendor :STMicroelectronics FreeRTOS 0.0.1
2021-07-14 17:10:32,160 [INFO] ThirdParty:952 - CMSIS Pack Vendor :STMicroelectronics USB_DEVICE 1.0.0
2021-07-14 17:10:32,160 [INFO] ThirdParty:952 - CMSIS Pack Vendor :STMicroelectronics X-CUBE-AI 6.0.0
2021-07-14 17:10:32,160 [INFO] ThirdParty:952 - CMSIS Pack Vendor :STMicroelectronics X-CUBE-ALGOBUILD 1.1.0
2021-07-14 17:10:32,160 [INFO] ThirdParty:952 - CMSIS Pack Vendor :SEGGER I-CUBE-embOS 1.2.0
2021-07-14 17:10:32,160 [INFO] ThirdParty:952 - CMSIS Pack Vendor :STMicroelectronics X-CUBE-ALGOBUILD 1.2.0
2021-07-14 17:10:32,160 [INFO] ThirdParty:952 - CMSIS Pack Vendor :STMicroelectronics X-CUBE-GNSS1 5.1.0
2021-07-14 17:10:32,160 [INFO] ThirdParty:952 - CMSIS Pack Vendor :STMicroelectronics X-CUBE-GNSS1 5.2.0
2021-07-14 17:10:32,160 [INFO] ThirdParty:952 - CMSIS Pack Vendor :STMicroelectronics X-CUBE-BLE1 6.1.0
2021-07-14 17:10:32,160 [INFO] ThirdParty:952 - CMSIS Pack Vendor :STMicroelectronics lwIP 2.0.3
2021-07-14 17:10:32,160 [INFO] ThirdParty:952 - CMSIS Pack Vendor :STMicroelectronics lwIP 2.1.2
2021-07-14 17:10:32,160 [INFO] ThirdParty:952 - CMSIS Pack Vendor :STMicroelectronics X-CUBE-BLE1 6.2.0
2021-07-14 17:10:32,160 [INFO] ThirdParty:952 - CMSIS Pack Vendor :STMicroelectronics USB_HOST 1.0.0
2021-07-14 17:10:32,160 [INFO] ThirdParty:952 - CMSIS Pack Vendor :STMicroelectronics X-CUBE-NFC4 2.0.2
2021-07-14 17:10:32,160 [INFO] ThirdParty:952 - CMSIS Pack Vendor :STMicroelectronics X-CUBE-TOUCHGFX 4.17.0
2021-07-14 17:10:32,160 [INFO] ThirdParty:952 - CMSIS Pack Vendor :STMicroelectronics X-CUBE-NFC4 2.0.1
2021-07-14 17:10:32,160 [INFO] ThirdParty:952 - CMSIS Pack Vendor :wolfSSL I-CUBE-wolfSSL 4.7.0
2021-07-14 17:10:32,160 [INFO] ThirdParty:952 - CMSIS Pack Vendor :STMicroelectronics X-CUBE-TOUCHGFX 4.16.1
2021-07-14 17:10:32,160 [INFO] ThirdParty:952 - CMSIS Pack Vendor :STMicroelectronics X-CUBE-AI 5.2.0
2021-07-14 17:10:32,160 [INFO] ThirdParty:952 - CMSIS Pack Vendor :STMicroelectronics PDM2PCM 3.1.0
2021-07-14 17:10:32,160 [INFO] ThirdParty:952 - CMSIS Pack Vendor :STMicroelectronics X-CUBE-TOUCHGFX 4.16.0
2021-07-14 17:10:32,160 [INFO] ThirdParty:952 - CMSIS Pack Vendor :STMicroelectronics PDM2PCM 3.2.0
2021-07-14 17:10:32,160 [INFO] ThirdParty:952 - CMSIS Pack Vendor :STMicroelectronics X-CUBE-BLE2 3.1.0
2021-07-14 17:10:32,160 [INFO] ThirdParty:952 - CMSIS Pack Vendor :STMicroelectronics PDM2PCM 3.3.0
2021-07-14 17:10:32,160 [INFO] ThirdParty:952 - CMSIS Pack Vendor :STMicroelectronics X-CUBE-BLE2 3.2.0
2021-07-14 17:10:32,160 [INFO] ThirdParty:770 - exiting critical section [change project]
2021-07-14 17:10:32,644 [INFO] PinOutPanel:1435 - setPackage(No Configuration,No Configuration)
2021-07-14 17:10:32,644 [INFO] PinOutPanel:1435 - setPackage(STM32F303RETx,LQFP64)
2021-07-14 17:10:33,456 [INFO] UtilMem:74 - Before build in PCC Used Memory: 565388048 Bytes (695205888)
2021-07-14 17:10:33,795 [INFO] SharedServices:72 - Folder for power plug-in: C:/Users/enes_/.stm32cubemx/plugins/power
2021-07-14 17:10:33,837 [INFO] SharedServices:72 - Folder for power plug-in: C:/Users/enes_/.stm32cubemx/plugins/power
2021-07-14 17:10:33,884 [INFO] SharedServices:72 - Folder for power plug-in: C:/Users/enes_/.stm32cubemx/plugins/power
2021-07-14 17:10:33,884 [INFO] SharedServices:72 - Folder for power plug-in: C:/Users/enes_/.stm32cubemx/plugins/power
2021-07-14 17:10:34,009 [INFO] UtilMem:74 - After build in PCC Used Memory: 574669952 Bytes (695205888)
2021-07-14 17:10:34,040 [INFO] IPUIPlugin:64 - create IPUIPlugin
2021-07-14 17:10:34,040 [INFO] IPUIPlugin:64 - create IPUIPlugin
2021-07-14 17:10:34,040 [INFO] IPUIPlugin:64 - create IPUIPlugin
2021-07-14 17:10:34,040 [INFO] IPUIPlugin:64 - create IPUIPlugin
2021-07-14 17:10:34,040 [INFO] IPUIPlugin:64 - create IPUIPlugin
2021-07-14 17:10:34,040 [INFO] IPUIPlugin:64 - create IPUIPlugin
2021-07-14 17:10:34,040 [INFO] IPUIPlugin:64 - create IPUIPlugin
2021-07-14 17:10:34,040 [INFO] IPUIPlugin:64 - create IPUIPlugin
2021-07-14 17:10:34,040 [INFO] IPUIPlugin:64 - create IPUIPlugin
2021-07-14 17:10:34,040 [INFO] IPUIPlugin:64 - create IPUIPlugin
2021-07-14 17:10:34,040 [INFO] IPUIPlugin:64 - create IPUIPlugin
2021-07-14 17:10:34,040 [INFO] IPUIPlugin:64 - create IPUIPlugin
2021-07-14 17:10:34,040 [INFO] IPUIPlugin:64 - create IPUIPlugin
2021-07-14 17:10:34,040 [INFO] IPUIPlugin:64 - create IPUIPlugin
2021-07-14 17:10:34,040 [INFO] IPUIPlugin:64 - create IPUIPlugin
2021-07-14 17:10:34,040 [INFO] IPUIPlugin:64 - create IPUIPlugin
2021-07-14 17:10:34,040 [INFO] IPUIPlugin:64 - create IPUIPlugin
2021-07-14 17:10:34,040 [INFO] IPUIPlugin:64 - create IPUIPlugin
2021-07-14 17:10:34,040 [INFO] IPUIPlugin:64 - create IPUIPlugin
2021-07-14 17:10:34,040 [INFO] IPUIPlugin:64 - create IPUIPlugin
2021-07-14 17:10:34,040 [INFO] IPUIPlugin:64 - create IPUIPlugin
2021-07-14 17:10:34,040 [INFO] IPUIPlugin:64 - create IPUIPlugin
2021-07-14 17:10:34,040 [INFO] IPUIPlugin:64 - create IPUIPlugin
2021-07-14 17:10:34,040 [INFO] IPUIPlugin:64 - create IPUIPlugin
2021-07-14 17:10:34,040 [INFO] IPUIPlugin:64 - create IPUIPlugin
2021-07-14 17:10:34,040 [INFO] IPUIPlugin:64 - create IPUIPlugin
2021-07-14 17:10:34,040 [INFO] IPUIPlugin:64 - create IPUIPlugin
2021-07-14 17:10:34,040 [INFO] IPUIPlugin:64 - create IPUIPlugin
2021-07-14 17:10:34,040 [INFO] IPUIPlugin:64 - create IPUIPlugin
2021-07-14 17:10:34,040 [INFO] IPUIPlugin:64 - create IPUIPlugin
2021-07-14 17:10:34,040 [INFO] IPUIPlugin:64 - create IPUIPlugin
2021-07-14 17:10:34,040 [INFO] IPUIPlugin:64 - create IPUIPlugin
2021-07-14 17:10:34,040 [INFO] IPUIPlugin:64 - create IPUIPlugin
2021-07-14 17:10:34,040 [INFO] IPUIPlugin:64 - create IPUIPlugin
2021-07-14 17:10:34,040 [INFO] IPUIPlugin:64 - create IPUIPlugin
2021-07-14 17:10:34,040 [INFO] IPUIPlugin:64 - create IPUIPlugin
2021-07-14 17:10:34,040 [INFO] IPUIPlugin:64 - create IPUIPlugin
2021-07-14 17:10:34,040 [INFO] IPUIPlugin:64 - create IPUIPlugin
2021-07-14 17:10:34,040 [INFO] IPUIPlugin:64 - create IPUIPlugin
2021-07-14 17:10:34,040 [INFO] IPUIPlugin:64 - create IPUIPlugin
2021-07-14 17:10:34,040 [INFO] IPUIPlugin:64 - create IPUIPlugin
2021-07-14 17:10:34,040 [INFO] IPUIPlugin:64 - create IPUIPlugin
2021-07-14 17:10:34,040 [INFO] IPUIPlugin:64 - create IPUIPlugin
2021-07-14 17:10:34,040 [INFO] IPUIPlugin:64 - create IPUIPlugin
2021-07-14 17:10:34,040 [INFO] IPUIPlugin:64 - create IPUIPlugin
2021-07-14 17:10:34,040 [INFO] IPUIPlugin:64 - create IPUIPlugin
2021-07-14 17:10:34,040 [INFO] IPUIPlugin:64 - create IPUIPlugin
2021-07-14 17:10:34,040 [INFO] IPUIPlugin:64 - create IPUIPlugin
2021-07-14 17:10:34,040 [INFO] IPUIPlugin:64 - create IPUIPlugin
2021-07-14 17:10:34,040 [INFO] IPUIPlugin:64 - create IPUIPlugin
2021-07-14 17:10:34,040 [INFO] IPUIPlugin:64 - create IPUIPlugin
2021-07-14 17:10:34,056 [INFO] IPUIPlugin:64 - create IPUIPlugin
2021-07-14 17:10:34,056 [INFO] IPUIPlugin:64 - create IPUIPlugin
2021-07-14 17:10:34,056 [INFO] IPUIPlugin:64 - create IPUIPlugin
2021-07-14 17:10:34,056 [INFO] IPUIPlugin:64 - create IPUIPlugin
2021-07-14 17:10:34,056 [INFO] IPUIPlugin:64 - create IPUIPlugin
2021-07-14 17:10:34,071 [INFO] LogOutputStream:76 - [STDOUT_REDIRECT] toolchainItems.length=====1
2021-07-14 17:10:34,149 [INFO] OpenFileManager:323 - Restore cursor
2021-07-14 17:10:38,555 [INFO] UtilMem:74 - End SaveConfig() Used Memory: 545719208 Bytes (695205888)
2021-07-14 17:10:38,930 [INFO] BlockDiagram:2735 - set Specific Code input for plugin: SYS
2021-07-14 17:10:38,930 [INFO] BlockDiagram:2735 - set Specific Code input for plugin: RCC
2021-07-14 17:10:38,930 [INFO] BlockDiagram:2735 - set Specific Code input for plugin: NVIC
2021-07-14 17:10:38,930 [INFO] BlockDiagram:2735 - set Specific Code input for plugin: USART
2021-07-14 17:10:38,930 [INFO] BlockDiagram:2735 - set Specific Code input for plugin: GPIO
2021-07-14 17:10:38,930 [INFO] CodeGenerator:641 - code generatio: config db path: D:\St\STM32CubeIDE_1.5.1\STM32CubeIDE\plugins\com.st.stm32cube.common.mx_6.2.1.202103241236\\db\
2021-07-14 17:10:39,445 [INFO] CodeEngine:229 - oldGeneratedFile, C:\Users\enes_\Desktop\stm32-examples\001_gpio\MXTmpFiles\license.tmp_save
2021-07-14 17:10:39,836 [INFO] CodeEngine:247 - Generated code: C:\Users\enes_\Desktop\stm32-examples\001_gpio\MXTmpFiles\license.tmp
2021-07-14 17:10:39,914 [INFO] CodeEngine:229 - oldGeneratedFile, C:\Users\enes_\Desktop\stm32-examples\001_gpio\MXTmpFiles\gpio.tmp_save
2021-07-14 17:10:40,007 [INFO] CodeEngine:247 - Generated code: C:\Users\enes_\Desktop\stm32-examples\001_gpio\MXTmpFiles\gpio.tmp
2021-07-14 17:10:40,117 [INFO] LogOutputStream:76 - [STDOUT_REDIRECT] Command line
2021-07-14 17:10:40,132 [INFO] CodeEngine:229 - oldGeneratedFile, C:\Users\enes_\Desktop\stm32-examples\001_gpio\Core\Src\stm32f3xx_it.c_save
2021-07-14 17:10:40,304 [INFO] CodeEngine:247 - Generated code: C:\Users\enes_\Desktop\stm32-examples\001_gpio\Core\Src\stm32f3xx_it.c
2021-07-14 17:10:40,304 [INFO] CodeEngine:229 - oldGeneratedFile, C:\Users\enes_\Desktop\stm32-examples\001_gpio\Core\Inc\stm32f3xx_it.h_save
2021-07-14 17:10:40,367 [INFO] CodeEngine:247 - Generated code: C:\Users\enes_\Desktop\stm32-examples\001_gpio\Core\Inc\stm32f3xx_it.h
2021-07-14 17:10:40,382 [INFO] CodeEngine:229 - oldGeneratedFile, C:\Users\enes_\Desktop\stm32-examples\001_gpio\Core\Src\stm32f3xx_hal_msp.c_save
2021-07-14 17:10:40,476 [INFO] CodeEngine:247 - Generated code: C:\Users\enes_\Desktop\stm32-examples\001_gpio\Core\Src\stm32f3xx_hal_msp.c
2021-07-14 17:10:40,476 [INFO] CodeEngine:229 - oldGeneratedFile, C:\Users\enes_\Desktop\stm32-examples\001_gpio\MXTmpFiles\system.tmp_save
2021-07-14 17:10:40,523 [INFO] CodeEngine:247 - Generated code: C:\Users\enes_\Desktop\stm32-examples\001_gpio\MXTmpFiles\system.tmp
2021-07-14 17:10:40,539 [INFO] CodeEngine:229 - oldGeneratedFile, C:\Users\enes_\Desktop\stm32-examples\001_gpio\Core\Inc\stm32f3xx_hal_conf.h_save
2021-07-14 17:10:40,601 [INFO] CodeEngine:247 - Generated code: C:\Users\enes_\Desktop\stm32-examples\001_gpio\Core\Inc\stm32f3xx_hal_conf.h
2021-07-14 17:10:40,648 [INFO] CodeEngine:229 - oldGeneratedFile, C:\Users\enes_\Desktop\stm32-examples\001_gpio\Core\Inc\main.h_save
2021-07-14 17:10:40,726 [INFO] CodeEngine:247 - Generated code: C:\Users\enes_\Desktop\stm32-examples\001_gpio\Core\Inc\main.h
2021-07-14 17:10:40,726 [INFO] CodeEngine:229 - oldGeneratedFile, C:\Users\enes_\Desktop\stm32-examples\001_gpio\Core\Src\main.c_save
2021-07-14 17:10:40,820 [INFO] CodeEngine:247 - Generated code: C:\Users\enes_\Desktop\stm32-examples\001_gpio\Core\Src\main.c
2021-07-14 17:10:41,663 [INFO] ProjectBuilder:2460 - Time for Copy HAL[1] : 93mS.
2021-07-14 17:10:41,663 [INFO] ProjectBuilder:3418 - Project Generator version: 3.13.0-B3
2021-07-14 17:10:42,288 [INFO] ConfigFileManager:1242 - The Die is : DIE446
2021-07-14 17:10:42,304 [INFO] ApiDbMcu:458 - Load IP Config File for FATFS
2021-07-14 17:10:42,335 [INFO] ApiDbMcu:458 - Load IP Config File for FREERTOS
2021-07-14 17:10:42,460 [INFO] ApiDbMcu:458 - Load IP Config File for TOUCHSENSING
2021-07-14 17:10:42,476 [INFO] ApiDbMcu:458 - Load IP Config File for USB_DEVICE
2021-07-14 17:10:44,491 [INFO] ProjectBuilder:3584 - Time for Generating toolchain IDE Files: 2828mS.
2021-07-14 17:10:44,491 [INFO] ProjectBuilder:2339 - Time for Copy CMSIS : 0mS.
2021-07-14 17:10:44,491 [INFO] ProjectBuilder:2339 - Time for Copy CMSIS : 0mS.
2021-07-14 17:12:26,621 [INFO] Gpio:248 - dependency for GPIO [RCC, SYS, USART2]
2021-07-14 17:12:37,650 [INFO] UtilMem:74 - End SaveConfig() Used Memory: 609697192 Bytes (877658112)
2021-07-14 17:12:40,524 [INFO] UtilMem:74 - End SaveConfig() Used Memory: 400452296 Bytes (877658112)
2021-07-14 17:12:40,914 [INFO] BlockDiagram:2735 - set Specific Code input for plugin: SYS
2021-07-14 17:12:40,914 [INFO] BlockDiagram:2735 - set Specific Code input for plugin: RCC
2021-07-14 17:12:40,914 [INFO] BlockDiagram:2735 - set Specific Code input for plugin: NVIC
2021-07-14 17:12:40,914 [INFO] BlockDiagram:2735 - set Specific Code input for plugin: USART
2021-07-14 17:12:40,914 [INFO] BlockDiagram:2735 - set Specific Code input for plugin: GPIO
2021-07-14 17:12:40,914 [INFO] CodeGenerator:641 - code generatio: config db path: D:\St\STM32CubeIDE_1.5.1\STM32CubeIDE\plugins\com.st.stm32cube.common.mx_6.2.1.202103241236\\db\
2021-07-14 17:12:41,274 [INFO] CodeEngine:229 - oldGeneratedFile, C:\Users\enes_\Desktop\stm32-examples\001_gpio\MXTmpFiles\license.tmp_save
2021-07-14 17:12:41,367 [INFO] CodeEngine:247 - Generated code: C:\Users\enes_\Desktop\stm32-examples\001_gpio\MXTmpFiles\license.tmp
2021-07-14 17:12:41,414 [INFO] CodeEngine:229 - oldGeneratedFile, C:\Users\enes_\Desktop\stm32-examples\001_gpio\MXTmpFiles\gpio.tmp_save
2021-07-14 17:12:41,477 [INFO] CodeEngine:247 - Generated code: C:\Users\enes_\Desktop\stm32-examples\001_gpio\MXTmpFiles\gpio.tmp
2021-07-14 17:12:41,555 [INFO] LogOutputStream:76 - [STDOUT_REDIRECT] Command line
2021-07-14 17:12:41,570 [INFO] CodeEngine:229 - oldGeneratedFile, C:\Users\enes_\Desktop\stm32-examples\001_gpio\Core\Src\stm32f3xx_it.c_save
2021-07-14 17:12:41,820 [INFO] CodeEngine:247 - Generated code: C:\Users\enes_\Desktop\stm32-examples\001_gpio\Core\Src\stm32f3xx_it.c
2021-07-14 17:12:41,836 [INFO] CodeEngine:229 - oldGeneratedFile, C:\Users\enes_\Desktop\stm32-examples\001_gpio\Core\Inc\stm32f3xx_it.h_save
2021-07-14 17:12:41,914 [INFO] CodeEngine:247 - Generated code: C:\Users\enes_\Desktop\stm32-examples\001_gpio\Core\Inc\stm32f3xx_it.h
2021-07-14 17:12:41,930 [INFO] CodeEngine:229 - oldGeneratedFile, C:\Users\enes_\Desktop\stm32-examples\001_gpio\Core\Src\stm32f3xx_hal_msp.c_save
2021-07-14 17:12:42,023 [INFO] CodeEngine:247 - Generated code: C:\Users\enes_\Desktop\stm32-examples\001_gpio\Core\Src\stm32f3xx_hal_msp.c
2021-07-14 17:12:42,023 [INFO] CodeEngine:229 - oldGeneratedFile, C:\Users\enes_\Desktop\stm32-examples\001_gpio\MXTmpFiles\system.tmp_save
2021-07-14 17:12:42,070 [INFO] CodeEngine:247 - Generated code: C:\Users\enes_\Desktop\stm32-examples\001_gpio\MXTmpFiles\system.tmp
2021-07-14 17:12:42,086 [INFO] CodeEngine:229 - oldGeneratedFile, C:\Users\enes_\Desktop\stm32-examples\001_gpio\Core\Inc\stm32f3xx_hal_conf.h_save
2021-07-14 17:12:42,164 [INFO] CodeEngine:247 - Generated code: C:\Users\enes_\Desktop\stm32-examples\001_gpio\Core\Inc\stm32f3xx_hal_conf.h
2021-07-14 17:12:42,211 [INFO] CodeEngine:229 - oldGeneratedFile, C:\Users\enes_\Desktop\stm32-examples\001_gpio\Core\Inc\main.h_save
2021-07-14 17:12:42,273 [INFO] CodeEngine:247 - Generated code: C:\Users\enes_\Desktop\stm32-examples\001_gpio\Core\Inc\main.h
2021-07-14 17:12:42,273 [INFO] CodeEngine:229 - oldGeneratedFile, C:\Users\enes_\Desktop\stm32-examples\001_gpio\Core\Src\main.c_save
2021-07-14 17:12:42,398 [INFO] CodeEngine:247 - Generated code: C:\Users\enes_\Desktop\stm32-examples\001_gpio\Core\Src\main.c
2021-07-14 17:12:43,086 [INFO] ProjectBuilder:2460 - Time for Copy HAL[1] : 63mS.
2021-07-14 17:12:43,101 [INFO] ProjectBuilder:3418 - Project Generator version: 3.13.0-B3
2021-07-14 17:12:43,664 [INFO] ConfigFileManager:1242 - The Die is : DIE446
2021-07-14 17:12:45,632 [INFO] ProjectBuilder:3584 - Time for Generating toolchain IDE Files: 2531mS.
2021-07-14 17:12:45,632 [INFO] ProjectBuilder:2339 - Time for Copy CMSIS : 0mS.
2021-07-14 17:12:45,632 [INFO] ProjectBuilder:2339 - Time for Copy CMSIS : 0mS.
