15:29:49 **** Incremental Build of configuration Debug for project 014_spi_recive ****
make -j8 all 
arm-none-eabi-gcc "../Core/Src/main.c" -mcpu=cortex-m4 -std=gnu11 -g3 -DDEBUG -DUSE_HAL_DRIVER -DSTM32F303xE -c -I../Core/Inc -I../Drivers/STM32F3xx_HAL_Driver/Inc -I../Drivers/STM32F3xx_HAL_Driver/Inc/Legacy -I../Drivers/CMSIS/Device/ST/STM32F3xx/Include -I../Drivers/CMSIS/Include -O0 -ffunction-sections -fdata-sections -Wall -fstack-usage -MMD -MP -MF"Core/Src/main.d" -MT"Core/Src/main.o" --specs=nano.specs -mfpu=fpv4-sp-d16 -mfloat-abi=hard -mthumb -o "Core/Src/main.o"
arm-none-eabi-gcc -o "014_spi_recive.elf" @"objects.list"   -mcpu=cortex-m4 -T"C:\Users\enes_\Desktop\stm32-examples\014_spi_recive\STM32F303RETX_FLASH.ld" --specs=nosys.specs -Wl,-Map="014_spi_recive.map" -Wl,--gc-sections -static --specs=nano.specs -mfpu=fpv4-sp-d16 -mfloat-abi=hard -mthumb -Wl,--start-group -lc -lm -Wl,--end-group
Finished building target: 014_spi_recive.elf
 
arm-none-eabi-objdump -h -S  014_spi_recive.elf  > "014_spi_recive.list"
arm-none-eabi-objcopy  -O binary  014_spi_recive.elf  "014_spi_recive.bin"
arm-none-eabi-size   014_spi_recive.elf 
   text	   data	    bss	    dec	    hex	filename
  10596	     20	   1676	  12292	   3004	014_spi_recive.elf
Finished building: default.size.stdout
 
Finished building: 014_spi_recive.bin
 
Finished building: 014_spi_recive.list
 
15:29:52 **** Incremental Build of configuration Debug for project 014_spi_recive ****
make -j8 all 
arm-none-eabi-size   014_spi_recive.elf 
   text	   data	    bss	    dec	    hex	filename
  10596	     20	   1676	  12292	   3004	014_spi_recive.elf
Finished building: default.size.stdout
 
15:30:01 **** Incremental Build of configuration Debug for project 014_spi_recive ****
make -j8 all 
arm-none-eabi-size   014_spi_recive.elf 
   text	   data	    bss	    dec	    hex	filename
  10596	     20	   1676	  12292	   3004	014_spi_recive.elf
Finished building: default.size.stdout
 
15:31:41 **** Incremental Build of configuration Debug for project 014_spi_recive ****
make -j8 all 
arm-none-eabi-gcc "../Core/Src/main.c" -mcpu=cortex-m4 -std=gnu11 -g3 -DDEBUG -DUSE_HAL_DRIVER -DSTM32F303xE -c -I../Core/Inc -I../Drivers/STM32F3xx_HAL_Driver/Inc -I../Drivers/STM32F3xx_HAL_Driver/Inc/Legacy -I../Drivers/CMSIS/Device/ST/STM32F3xx/Include -I../Drivers/CMSIS/Include -O0 -ffunction-sections -fdata-sections -Wall -fstack-usage -MMD -MP -MF"Core/Src/main.d" -MT"Core/Src/main.o" --specs=nano.specs -mfpu=fpv4-sp-d16 -mfloat-abi=hard -mthumb -o "Core/Src/main.o"
arm-none-eabi-gcc -o "014_spi_recive.elf" @"objects.list"   -mcpu=cortex-m4 -T"C:\Users\enes_\Desktop\stm32-examples\014_spi_recive\STM32F303RETX_FLASH.ld" --specs=nosys.specs -Wl,-Map="014_spi_recive.map" -Wl,--gc-sections -static --specs=nano.specs -mfpu=fpv4-sp-d16 -mfloat-abi=hard -mthumb -Wl,--start-group -lc -lm -Wl,--end-group
Finished building target: 014_spi_recive.elf
 
arm-none-eabi-objdump -h -S  014_spi_recive.elf  > "014_spi_recive.list"
arm-none-eabi-objcopy  -O binary  014_spi_recive.elf  "014_spi_recive.bin"
arm-none-eabi-size   014_spi_recive.elf 
   text	   data	    bss	    dec	    hex	filename
  10596	     20	   1676	  12292	   3004	014_spi_recive.elf
Finished building: default.size.stdout
 
Finished building: 014_spi_recive.bin
Finished building: 014_spi_recive.list
 
 
